2024-07-11 17:04:52 INFO  c.p.project06.Project05Application - Starting Project05Application using Java 22.0.1 with PID 11336 (C:\Users\ahmad.irtza\Downloads\project06\target\classes started by ahmad.irtza in C:\Users\ahmad.irtza\Downloads\project06)
2024-07-11 17:04:52 INFO  c.p.project06.Project05Application - No active profile set, falling back to 1 default profile: "default"
2024-07-11 17:04:54 INFO  o.s.d.r.c.RepositoryConfigurationDelegate - Bootstrapping Spring Data JPA repositories in DEFAULT mode.
2024-07-11 17:04:54 INFO  o.s.d.r.c.RepositoryConfigurationDelegate - Finished Spring Data repository scanning in 53 ms. Found 2 JPA repository interfaces.
2024-07-11 17:04:55 INFO  o.s.b.w.e.tomcat.TomcatWebServer - Tomcat initialized with port 8080 (http)
2024-07-11 17:04:55 INFO  o.a.coyote.http11.Http11NioProtocol - Initializing ProtocolHandler ["http-nio-8080"]
2024-07-11 17:04:55 INFO  o.a.catalina.core.StandardService - Starting service [Tomcat]
2024-07-11 17:04:55 INFO  o.a.catalina.core.StandardEngine - Starting Servlet engine: [Apache Tomcat/10.1.25]
2024-07-11 17:04:55 INFO  o.a.c.c.C.[Tomcat].[localhost].[/] - Initializing Spring embedded WebApplicationContext
2024-07-11 17:04:55 INFO  o.s.b.w.s.c.ServletWebServerApplicationContext - Root WebApplicationContext: initialization completed in 3025 ms
2024-07-11 17:04:55 INFO  com.zaxxer.hikari.HikariDataSource - HikariPool-1 - Starting...
2024-07-11 17:04:56 INFO  com.zaxxer.hikari.pool.HikariPool - HikariPool-1 - Added connection conn0: url=jdbc:h2:mem:news user=TEST
2024-07-11 17:04:56 INFO  com.zaxxer.hikari.HikariDataSource - HikariPool-1 - Start completed.
2024-07-11 17:04:56 INFO  o.s.b.a.h.H2ConsoleAutoConfiguration - H2 console available at '/h2-console'. Database available at 'jdbc:h2:mem:news'
2024-07-11 17:04:56 INFO  liquibase.database - Set default schema name to PUBLIC
2024-07-11 17:04:56 INFO  liquibase.changelog - Creating database history table with name: PUBLIC.DATABASECHANGELOG
2024-07-11 17:04:56 INFO  liquibase.changelog - Reading from PUBLIC.DATABASECHANGELOG
2024-07-11 17:04:56 INFO  liquibase.lockservice - Successfully acquired change log lock
2024-07-11 17:04:56 INFO  liquibase.command - Using deploymentId: 0699496966
2024-07-11 17:04:56 INFO  liquibase.changelog - Reading from PUBLIC.DATABASECHANGELOG
2024-07-11 17:04:57 INFO  liquibase.ui - Running Changeset: db/changelog/db.changelog-01.yaml::schema-0.0.4::Ahmad
2024-07-11 17:04:57 INFO  liquibase.changelog - Table Student created
2024-07-11 17:04:57 INFO  liquibase.changelog - Primary key added to Student (id)
2024-07-11 17:04:57 INFO  liquibase.changelog - ChangeSet db/changelog/db.changelog-01.yaml::schema-0.0.4::Ahmad ran successfully in 12ms
2024-07-11 17:04:57 INFO  liquibase.ui - Running Changeset: db/changelog/db.changelog-01.yaml::data-0.0.1::Ali
2024-07-11 17:04:57 INFO  liquibase.changelog - New row inserted into Student
2024-07-11 17:04:57 INFO  liquibase.changelog - ChangeSet db/changelog/db.changelog-01.yaml::data-0.0.1::Ali ran successfully in 2ms
2024-07-11 17:04:57 INFO  liquibase.ui - Running Changeset: db/changelog/db.changelog-01.yaml::data-0.0.3::Arham
2024-07-11 17:04:57 INFO  liquibase.changelog - New row inserted into Student
2024-07-11 17:04:57 INFO  liquibase.changelog - ChangeSet db/changelog/db.changelog-01.yaml::data-0.0.3::Arham ran successfully in 1ms
2024-07-11 17:04:57 INFO  liquibase.ui - Running Changeset: db/changelog/db.changelog-02.yaml::schema-0.0.4::Ahmad
2024-07-11 17:04:57 INFO  liquibase.changelog - Table users created
2024-07-11 17:04:57 INFO  liquibase.changelog - Primary key added to users (user_id)
2024-07-11 17:04:57 INFO  liquibase.changelog - ChangeSet db/changelog/db.changelog-02.yaml::schema-0.0.4::Ahmad ran successfully in 4ms
2024-07-11 17:04:57 INFO  liquibase.ui - Running Changeset: db/changelog/db.changelog-02.yaml::data-0.0.1::Ahmad
2024-07-11 17:04:57 INFO  liquibase.changelog - New row inserted into users
2024-07-11 17:04:57 INFO  liquibase.changelog - ChangeSet db/changelog/db.changelog-02.yaml::data-0.0.1::Ahmad ran successfully in 1ms
2024-07-11 17:04:57 INFO  liquibase.ui - Running Changeset: db/changelog/db.changelog-02.yaml::data-0.0.2::Ahmad
2024-07-11 17:04:57 INFO  liquibase.changelog - New row inserted into users
2024-07-11 17:04:57 INFO  liquibase.changelog - ChangeSet db/changelog/db.changelog-02.yaml::data-0.0.2::Ahmad ran successfully in 2ms
2024-07-11 17:04:57 INFO  liquibase.ui - Running Changeset: db/changelog/db.changelog-02.yaml::data-0.04::Ahmad
2024-07-11 17:04:57 INFO  liquibase.changelog - New row inserted into users
2024-07-11 17:04:57 INFO  liquibase.changelog - ChangeSet db/changelog/db.changelog-02.yaml::data-0.04::Ahmad ran successfully in 2ms
2024-07-11 17:04:57 INFO  liquibase.util - UPDATE SUMMARY
2024-07-11 17:04:57 INFO  liquibase.util - Run:                          7
2024-07-11 17:04:57 INFO  liquibase.util - Previously run:               0
2024-07-11 17:04:57 INFO  liquibase.util - Filtered out:                 0
2024-07-11 17:04:57 INFO  liquibase.util - -------------------------------
2024-07-11 17:04:57 INFO  liquibase.util - Total change sets:            7
2024-07-11 17:04:57 INFO  liquibase.util - Update summary generated
2024-07-11 17:04:57 INFO  liquibase.command - Update command completed successfully.
2024-07-11 17:04:57 INFO  liquibase.ui - Liquibase: Update has been successful. Rows affected: 12
2024-07-11 17:04:57 INFO  liquibase.lockservice - Successfully released change log lock
2024-07-11 17:04:57 INFO  liquibase.command - Command execution complete
2024-07-11 17:04:57 INFO  o.h.jpa.internal.util.LogHelper - HHH000204: Processing PersistenceUnitInfo [name: default]
2024-07-11 17:04:57 INFO  org.hibernate.Version - HHH000412: Hibernate ORM core version 6.5.2.Final
2024-07-11 17:04:57 INFO  o.h.c.i.RegionFactoryInitiator - HHH000026: Second-level cache disabled
2024-07-11 17:04:57 INFO  o.s.o.j.p.SpringPersistenceUnitInfo - No LoadTimeWeaver setup: ignoring JPA class transformer
2024-07-11 17:04:58 INFO  o.h.e.t.j.p.i.JtaPlatformInitiator - HHH000489: No JTA platform available (set 'hibernate.transaction.jta.platform' to enable JTA platform integration)
2024-07-11 17:04:58 INFO  o.s.o.j.LocalContainerEntityManagerFactoryBean - Initialized JPA EntityManagerFactory for persistence unit 'default'
2024-07-11 17:04:59 TRACE o.s.s.c.a.a.c.AuthenticationConfiguration$EnableGlobalAuthenticationAutowiredConfigurer - Eagerly initializing {org.springframework.boot.autoconfigure.security.servlet.SpringBootWebSecurityConfiguration$WebSecurityEnablerConfiguration=org.springframework.boot.autoconfigure.security.servlet.SpringBootWebSecurityConfiguration$WebSecurityEnablerConfiguration@22a5f12}
2024-07-11 17:04:59 INFO  o.s.s.c.a.a.c.InitializeUserDetailsBeanManagerConfigurer$InitializeUserDetailsManagerConfigurer - Global AuthenticationManager configured with UserDetailsService bean with name userService
2024-07-11 17:04:59 INFO  o.s.b.a.w.s.WelcomePageHandlerMapping - Adding welcome page: class path resource [static/index.html]
2024-07-11 17:05:00 INFO  o.s.b.a.e.web.EndpointLinksResolver - Exposing 15 endpoints beneath base path '/actuator'
2024-07-11 17:05:00 DEBUG o.s.s.web.DefaultSecurityFilterChain - Will secure any request with filters: DisableEncodeUrlFilter, WebAsyncManagerIntegrationFilter, SecurityContextHolderFilter, HeaderWriterFilter, CorsFilter, CsrfFilter, LogoutFilter, UsernamePasswordAuthenticationFilter, DefaultLoginPageGeneratingFilter, DefaultLogoutPageGeneratingFilter, RequestCacheAwareFilter, SecurityContextHolderAwareRequestFilter, AnonymousAuthenticationFilter, ExceptionTranslationFilter, AuthorizationFilter
2024-07-11 17:05:00 WARN  o.s.s.c.a.web.builders.WebSecurity - You are asking Spring Security to ignore Ant [pattern='/api/v1/student/create', GET]. This is not recommended -- please use permitAll via HttpSecurity#authorizeHttpRequests instead.
2024-07-11 17:05:00 DEBUG o.s.s.web.DefaultSecurityFilterChain - Will not secure Ant [pattern='/api/v1/student/create', GET]
2024-07-11 17:05:00 WARN  o.s.s.c.a.web.builders.WebSecurity - You are asking Spring Security to ignore Ant [pattern='/api/v1/student', GET]. This is not recommended -- please use permitAll via HttpSecurity#authorizeHttpRequests instead.
2024-07-11 17:05:00 DEBUG o.s.s.web.DefaultSecurityFilterChain - Will not secure Ant [pattern='/api/v1/student', GET]
2024-07-11 17:05:00 INFO  o.a.coyote.http11.Http11NioProtocol - Starting ProtocolHandler ["http-nio-8080"]
2024-07-11 17:05:01 INFO  o.s.b.w.e.tomcat.TomcatWebServer - Tomcat started on port 8080 (http) with context path '/'
2024-07-11 17:05:01 INFO  c.p.project06.Project05Application - Started Project05Application in 9.477 seconds (process running for 9.944)
2024-07-11 17:05:46 INFO  o.s.o.j.LocalContainerEntityManagerFactoryBean - Closing JPA EntityManagerFactory for persistence unit 'default'
2024-07-11 17:05:46 INFO  com.zaxxer.hikari.HikariDataSource - HikariPool-1 - Shutdown initiated...
2024-07-11 17:05:46 INFO  com.zaxxer.hikari.HikariDataSource - HikariPool-1 - Shutdown completed.
