2024-08-06 09:32:32 INFO  com.practice.project06.Assignment - Starting Assignment using Java 22.0.1 with PID 5132 (C:\Users\ahmad.irtza\Desktop\RedmathTraining\Bank-be-final\target\classes started by ahmad.irtza in C:\Users\ahmad.irtza\Desktop\RedmathTraining\Bank-be-final)
2024-08-06 09:32:32 INFO  com.practice.project06.Assignment - No active profile set, falling back to 1 default profile: "default"
2024-08-06 09:32:34 INFO  o.s.d.r.c.RepositoryConfigurationDelegate - Bootstrapping Spring Data JPA repositories in DEFAULT mode.
2024-08-06 09:32:34 INFO  o.s.d.r.c.RepositoryConfigurationDelegate - Finished Spring Data repository scanning in 69 ms. Found 4 JPA repository interfaces.
2024-08-06 09:32:35 INFO  o.s.b.w.e.tomcat.TomcatWebServer - Tomcat initialized with port 8080 (http)
2024-08-06 09:32:35 INFO  o.a.coyote.http11.Http11NioProtocol - Initializing ProtocolHandler ["http-nio-8080"]
2024-08-06 09:32:35 INFO  o.a.catalina.core.StandardService - Starting service [Tomcat]
2024-08-06 09:32:35 INFO  o.a.catalina.core.StandardEngine - Starting Servlet engine: [Apache Tomcat/10.1.25]
2024-08-06 09:32:35 INFO  o.a.c.c.C.[Tomcat].[localhost].[/] - Initializing Spring embedded WebApplicationContext
2024-08-06 09:32:35 INFO  o.s.b.w.s.c.ServletWebServerApplicationContext - Root WebApplicationContext: initialization completed in 3051 ms
2024-08-06 09:32:36 INFO  com.zaxxer.hikari.HikariDataSource - HikariPool-1 - Starting...
2024-08-06 09:32:37 INFO  com.zaxxer.hikari.pool.HikariPool - HikariPool-1 - Added connection com.mysql.cj.jdbc.ConnectionImpl@297c3a43
2024-08-06 09:32:37 INFO  com.zaxxer.hikari.HikariDataSource - HikariPool-1 - Start completed.
2024-08-06 09:32:37 INFO  o.s.b.a.h.H2ConsoleAutoConfiguration - H2 console available at '/h2-console'. Database available at 'jdbc:mysql://localhost:3306/bank'
2024-08-06 09:32:37 INFO  liquibase.changelog - Creating database history table with name: bank.databasechangelog
2024-08-06 09:32:38 INFO  liquibase.changelog - Reading from bank.databasechangelog
2024-08-06 09:32:39 INFO  liquibase.lockservice - Successfully acquired change log lock
2024-08-06 09:32:39 INFO  liquibase.command - Using deploymentId: 2918759428
2024-08-06 09:32:39 INFO  liquibase.changelog - Reading from bank.databasechangelog
2024-08-06 09:32:39 INFO  liquibase.ui - Running Changeset: db/changelog/db.changelog-user.yaml::1::Ahmad
2024-08-06 09:32:40 INFO  liquibase.changelog - Table users created
2024-08-06 09:32:40 INFO  liquibase.changelog - ChangeSet db/changelog/db.changelog-user.yaml::1::Ahmad ran successfully in 735ms
2024-08-06 09:32:40 INFO  liquibase.ui - Running Changeset: db/changelog/db.changelog-user.yaml::2::Ahmad
2024-08-06 09:32:40 INFO  liquibase.changelog - New row inserted into users
2024-08-06 09:32:40 INFO  liquibase.changelog - ChangeSet db/changelog/db.changelog-user.yaml::2::Ahmad ran successfully in 79ms
2024-08-06 09:32:40 INFO  liquibase.ui - Running Changeset: db/changelog/db.changelog-user.yaml::3::Ahmad
2024-08-06 09:32:40 INFO  liquibase.changelog - New row inserted into users
2024-08-06 09:32:41 INFO  liquibase.changelog - ChangeSet db/changelog/db.changelog-user.yaml::3::Ahmad ran successfully in 47ms
2024-08-06 09:32:41 INFO  liquibase.ui - Running Changeset: db/changelog/db.changelog-user.yaml::5::Ahmad
2024-08-06 09:32:41 INFO  liquibase.changelog - New row inserted into users
2024-08-06 09:32:41 INFO  liquibase.changelog - ChangeSet db/changelog/db.changelog-user.yaml::5::Ahmad ran successfully in 32ms
2024-08-06 09:32:41 INFO  liquibase.ui - Running Changeset: db/changelog/db.changelog-user.yaml::6::Ahmad
2024-08-06 09:32:41 INFO  liquibase.changelog - New row inserted into users
2024-08-06 09:32:41 INFO  liquibase.changelog - ChangeSet db/changelog/db.changelog-user.yaml::6::Ahmad ran successfully in 47ms
2024-08-06 09:32:41 INFO  liquibase.ui - Running Changeset: db/changelog/db.changelog-account.yaml::7::Ahmad
2024-08-06 09:32:41 INFO  liquibase.changelog - Table accounts created
2024-08-06 09:32:42 INFO  liquibase.changelog - Foreign key constraint added to accounts (userID)
2024-08-06 09:32:42 INFO  liquibase.changelog - ChangeSet db/changelog/db.changelog-account.yaml::7::Ahmad ran successfully in 1498ms
2024-08-06 09:32:42 INFO  liquibase.ui - Running Changeset: db/changelog/db.changelog-account.yaml::10::Ahmad
2024-08-06 09:32:42 INFO  liquibase.util - UPDATE SUMMARY
2024-08-06 09:32:42 INFO  liquibase.util - Run:                          6
2024-08-06 09:32:42 INFO  liquibase.util - Previously run:               0
2024-08-06 09:32:42 INFO  liquibase.util - Filtered out:                 0
2024-08-06 09:32:42 INFO  liquibase.util - -------------------------------
2024-08-06 09:32:42 INFO  liquibase.util - Total change sets:            6
2024-08-06 09:32:42 INFO  liquibase.util - Update summary generated
2024-08-06 09:32:42 INFO  liquibase.command - Update command encountered an exception.
2024-08-06 09:32:42 INFO  liquibase.lockservice - Successfully released change log lock
2024-08-06 09:32:42 INFO  liquibase.command - Logging exception.
2024-08-06 09:32:42 INFO  liquibase.ui - ERROR: Exception Details
2024-08-06 09:32:42 INFO  liquibase.ui - ERROR: Exception Primary Class:  SQLException
2024-08-06 09:32:42 INFO  liquibase.ui - ERROR: Exception Primary Reason:  Incorrect integer value: 'false' for column 'is_deleted' at row 1
2024-08-06 09:32:42 INFO  liquibase.ui - ERROR: Exception Primary Source:  MySQL 8.0.39
2024-08-06 09:32:42 INFO  liquibase.command - Command execution complete
2024-08-06 09:32:42 INFO  o.a.catalina.core.StandardService - Stopping service [Tomcat]
2024-08-06 09:32:42 INFO  com.zaxxer.hikari.HikariDataSource - HikariPool-1 - Shutdown initiated...
2024-08-06 09:32:42 INFO  com.zaxxer.hikari.HikariDataSource - HikariPool-1 - Shutdown completed.
2024-08-06 09:36:13 INFO  com.practice.project06.Assignment - Starting Assignment using Java 22.0.1 with PID 6008 (C:\Users\ahmad.irtza\Desktop\RedmathTraining\Bank-be-final\target\classes started by ahmad.irtza in C:\Users\ahmad.irtza\Desktop\RedmathTraining\Bank-be-final)
2024-08-06 09:36:13 INFO  com.practice.project06.Assignment - No active profile set, falling back to 1 default profile: "default"
2024-08-06 09:36:15 INFO  o.s.d.r.c.RepositoryConfigurationDelegate - Bootstrapping Spring Data JPA repositories in DEFAULT mode.
2024-08-06 09:36:15 INFO  o.s.d.r.c.RepositoryConfigurationDelegate - Finished Spring Data repository scanning in 54 ms. Found 4 JPA repository interfaces.
2024-08-06 09:36:16 INFO  o.s.b.w.e.tomcat.TomcatWebServer - Tomcat initialized with port 8080 (http)
2024-08-06 09:36:16 INFO  o.a.coyote.http11.Http11NioProtocol - Initializing ProtocolHandler ["http-nio-8080"]
2024-08-06 09:36:16 INFO  o.a.catalina.core.StandardService - Starting service [Tomcat]
2024-08-06 09:36:16 INFO  o.a.catalina.core.StandardEngine - Starting Servlet engine: [Apache Tomcat/10.1.25]
2024-08-06 09:36:16 INFO  o.a.c.c.C.[Tomcat].[localhost].[/] - Initializing Spring embedded WebApplicationContext
2024-08-06 09:36:16 INFO  o.s.b.w.s.c.ServletWebServerApplicationContext - Root WebApplicationContext: initialization completed in 3031 ms
2024-08-06 09:36:16 INFO  com.zaxxer.hikari.HikariDataSource - HikariPool-1 - Starting...
2024-08-06 09:36:17 INFO  com.zaxxer.hikari.pool.HikariPool - HikariPool-1 - Added connection com.mysql.cj.jdbc.ConnectionImpl@78861d9e
2024-08-06 09:36:17 INFO  com.zaxxer.hikari.HikariDataSource - HikariPool-1 - Start completed.
2024-08-06 09:36:17 INFO  o.s.b.a.h.H2ConsoleAutoConfiguration - H2 console available at '/h2-console'. Database available at 'jdbc:mysql://localhost:3306/bank'
2024-08-06 09:36:18 INFO  liquibase.changelog - Reading from bank.databasechangelog
2024-08-06 09:36:18 INFO  liquibase.changelog - Change failed validation!
2024-08-06 09:36:18 INFO  liquibase.command - Logging exception.
2024-08-06 09:36:18 INFO  liquibase.ui - ERROR: Exception Details
2024-08-06 09:36:18 INFO  liquibase.ui - ERROR: Exception Primary Class:  ValidationFailedException
2024-08-06 09:36:18 INFO  liquibase.ui - ERROR: Exception Primary Reason:  Validation Failed:
     1 changesets check sum
          db/changelog/db.changelog-account.yaml::7::Ahmad was: 9:6e865daae81d574d62b01836f258683d but is now: 9:8f4e48d3ad8af41000b4e0f7cf951364

2024-08-06 09:36:18 INFO  liquibase.ui - ERROR: Exception Primary Source:  4.27.0
2024-08-06 09:36:18 INFO  liquibase.command - Command execution complete
2024-08-06 09:36:18 INFO  o.a.catalina.core.StandardService - Stopping service [Tomcat]
2024-08-06 09:36:18 INFO  com.zaxxer.hikari.HikariDataSource - HikariPool-1 - Shutdown initiated...
2024-08-06 09:36:18 INFO  com.zaxxer.hikari.HikariDataSource - HikariPool-1 - Shutdown completed.
2024-08-06 09:36:50 INFO  com.practice.project06.Assignment - Starting Assignment using Java 22.0.1 with PID 7524 (C:\Users\ahmad.irtza\Desktop\RedmathTraining\Bank-be-final\target\classes started by ahmad.irtza in C:\Users\ahmad.irtza\Desktop\RedmathTraining\Bank-be-final)
2024-08-06 09:36:50 INFO  com.practice.project06.Assignment - No active profile set, falling back to 1 default profile: "default"
2024-08-06 09:36:51 INFO  o.s.d.r.c.RepositoryConfigurationDelegate - Bootstrapping Spring Data JPA repositories in DEFAULT mode.
2024-08-06 09:36:51 INFO  o.s.d.r.c.RepositoryConfigurationDelegate - Finished Spring Data repository scanning in 52 ms. Found 4 JPA repository interfaces.
2024-08-06 09:36:52 INFO  o.s.b.w.e.tomcat.TomcatWebServer - Tomcat initialized with port 8080 (http)
2024-08-06 09:36:52 INFO  o.a.coyote.http11.Http11NioProtocol - Initializing ProtocolHandler ["http-nio-8080"]
2024-08-06 09:36:52 INFO  o.a.catalina.core.StandardService - Starting service [Tomcat]
2024-08-06 09:36:52 INFO  o.a.catalina.core.StandardEngine - Starting Servlet engine: [Apache Tomcat/10.1.25]
2024-08-06 09:36:53 INFO  o.a.c.c.C.[Tomcat].[localhost].[/] - Initializing Spring embedded WebApplicationContext
2024-08-06 09:36:53 INFO  o.s.b.w.s.c.ServletWebServerApplicationContext - Root WebApplicationContext: initialization completed in 2871 ms
2024-08-06 09:36:53 INFO  com.zaxxer.hikari.HikariDataSource - HikariPool-1 - Starting...
2024-08-06 09:36:54 INFO  com.zaxxer.hikari.pool.HikariPool - HikariPool-1 - Added connection com.mysql.cj.jdbc.ConnectionImpl@7c0b0bd9
2024-08-06 09:36:54 INFO  com.zaxxer.hikari.HikariDataSource - HikariPool-1 - Start completed.
2024-08-06 09:36:54 INFO  o.s.b.a.h.H2ConsoleAutoConfiguration - H2 console available at '/h2-console'. Database available at 'jdbc:mysql://localhost:3306/bank'
2024-08-06 09:36:55 INFO  liquibase.changelog - Reading from bank.databasechangelog
2024-08-06 09:36:55 INFO  liquibase.lockservice - Successfully acquired change log lock
2024-08-06 09:36:55 INFO  liquibase.command - Using deploymentId: 2919015578
2024-08-06 09:36:55 INFO  liquibase.changelog - Reading from bank.databasechangelog
2024-08-06 09:36:55 INFO  liquibase.ui - Running Changeset: db/changelog/db.changelog-account.yaml::9::Ahmad
2024-08-06 09:36:55 INFO  liquibase.util - UPDATE SUMMARY
2024-08-06 09:36:55 INFO  liquibase.util - Run:                          0
2024-08-06 09:36:55 INFO  liquibase.util - Previously run:               5
2024-08-06 09:36:55 INFO  liquibase.util - Filtered out:                 0
2024-08-06 09:36:55 INFO  liquibase.util - -------------------------------
2024-08-06 09:36:55 INFO  liquibase.util - Total change sets:            5
2024-08-06 09:36:55 INFO  liquibase.util - Update summary generated
2024-08-06 09:36:55 INFO  liquibase.command - Update command encountered an exception.
2024-08-06 09:36:55 INFO  liquibase.lockservice - Successfully released change log lock
2024-08-06 09:36:55 INFO  liquibase.command - Logging exception.
2024-08-06 09:36:55 INFO  liquibase.ui - ERROR: Exception Details
2024-08-06 09:36:55 INFO  liquibase.ui - ERROR: Exception Primary Class:  SQLSyntaxErrorException
2024-08-06 09:36:55 INFO  liquibase.ui - ERROR: Exception Primary Reason:  Table 'accounts' already exists
2024-08-06 09:36:55 INFO  liquibase.ui - ERROR: Exception Primary Source:  MySQL 8.0.39
2024-08-06 09:36:55 INFO  liquibase.command - Command execution complete
2024-08-06 09:36:55 INFO  o.a.catalina.core.StandardService - Stopping service [Tomcat]
2024-08-06 09:36:55 INFO  com.zaxxer.hikari.HikariDataSource - HikariPool-1 - Shutdown initiated...
2024-08-06 09:36:55 INFO  com.zaxxer.hikari.HikariDataSource - HikariPool-1 - Shutdown completed.
2024-08-06 09:38:09 INFO  com.practice.project06.Assignment - Starting Assignment using Java 22.0.1 with PID 5364 (C:\Users\ahmad.irtza\Desktop\RedmathTraining\Bank-be-final\target\classes started by ahmad.irtza in C:\Users\ahmad.irtza\Desktop\RedmathTraining\Bank-be-final)
2024-08-06 09:38:09 INFO  com.practice.project06.Assignment - No active profile set, falling back to 1 default profile: "default"
2024-08-06 09:38:11 INFO  o.s.d.r.c.RepositoryConfigurationDelegate - Bootstrapping Spring Data JPA repositories in DEFAULT mode.
2024-08-06 09:38:11 INFO  o.s.d.r.c.RepositoryConfigurationDelegate - Finished Spring Data repository scanning in 56 ms. Found 4 JPA repository interfaces.
2024-08-06 09:38:12 INFO  o.s.b.w.e.tomcat.TomcatWebServer - Tomcat initialized with port 8080 (http)
2024-08-06 09:38:12 INFO  o.a.coyote.http11.Http11NioProtocol - Initializing ProtocolHandler ["http-nio-8080"]
2024-08-06 09:38:12 INFO  o.a.catalina.core.StandardService - Starting service [Tomcat]
2024-08-06 09:38:12 INFO  o.a.catalina.core.StandardEngine - Starting Servlet engine: [Apache Tomcat/10.1.25]
2024-08-06 09:38:12 INFO  o.a.c.c.C.[Tomcat].[localhost].[/] - Initializing Spring embedded WebApplicationContext
2024-08-06 09:38:12 INFO  o.s.b.w.s.c.ServletWebServerApplicationContext - Root WebApplicationContext: initialization completed in 2769 ms
2024-08-06 09:38:12 INFO  com.zaxxer.hikari.HikariDataSource - HikariPool-1 - Starting...
2024-08-06 09:38:13 INFO  com.zaxxer.hikari.pool.HikariPool - HikariPool-1 - Added connection com.mysql.cj.jdbc.ConnectionImpl@6fcc0a1
2024-08-06 09:38:13 INFO  com.zaxxer.hikari.HikariDataSource - HikariPool-1 - Start completed.
2024-08-06 09:38:13 INFO  o.s.b.a.h.H2ConsoleAutoConfiguration - H2 console available at '/h2-console'. Database available at 'jdbc:mysql://localhost:3306/bank'
2024-08-06 09:38:14 INFO  liquibase.changelog - Creating database history table with name: bank.databasechangelog
2024-08-06 09:38:14 INFO  liquibase.changelog - Reading from bank.databasechangelog
2024-08-06 09:38:15 INFO  liquibase.lockservice - Successfully acquired change log lock
2024-08-06 09:38:15 INFO  liquibase.command - Using deploymentId: 2919095677
2024-08-06 09:38:15 INFO  liquibase.changelog - Reading from bank.databasechangelog
2024-08-06 09:38:15 INFO  liquibase.ui - Running Changeset: db/changelog/db.changelog-user.yaml::1::Ahmad
2024-08-06 09:38:16 INFO  liquibase.changelog - Table users created
2024-08-06 09:38:16 INFO  liquibase.changelog - ChangeSet db/changelog/db.changelog-user.yaml::1::Ahmad ran successfully in 984ms
2024-08-06 09:38:16 INFO  liquibase.ui - Running Changeset: db/changelog/db.changelog-user.yaml::2::Ahmad
2024-08-06 09:38:16 INFO  liquibase.changelog - New row inserted into users
2024-08-06 09:38:16 INFO  liquibase.changelog - ChangeSet db/changelog/db.changelog-user.yaml::2::Ahmad ran successfully in 62ms
2024-08-06 09:38:16 INFO  liquibase.ui - Running Changeset: db/changelog/db.changelog-user.yaml::3::Ahmad
2024-08-06 09:38:16 INFO  liquibase.changelog - New row inserted into users
2024-08-06 09:38:16 INFO  liquibase.changelog - ChangeSet db/changelog/db.changelog-user.yaml::3::Ahmad ran successfully in 47ms
2024-08-06 09:38:17 INFO  liquibase.ui - Running Changeset: db/changelog/db.changelog-user.yaml::5::Ahmad
2024-08-06 09:38:17 INFO  liquibase.changelog - New row inserted into users
2024-08-06 09:38:17 INFO  liquibase.changelog - ChangeSet db/changelog/db.changelog-user.yaml::5::Ahmad ran successfully in 110ms
2024-08-06 09:38:17 INFO  liquibase.ui - Running Changeset: db/changelog/db.changelog-user.yaml::6::Ahmad
2024-08-06 09:38:17 INFO  liquibase.changelog - New row inserted into users
2024-08-06 09:38:17 INFO  liquibase.changelog - ChangeSet db/changelog/db.changelog-user.yaml::6::Ahmad ran successfully in 63ms
2024-08-06 09:38:17 INFO  liquibase.ui - Running Changeset: db/changelog/db.changelog-account.yaml::9::Ahmad
2024-08-06 09:38:17 INFO  liquibase.changelog - Table accounts created
2024-08-06 09:38:18 INFO  liquibase.changelog - Foreign key constraint added to accounts (userID)
2024-08-06 09:38:18 INFO  liquibase.changelog - ChangeSet db/changelog/db.changelog-account.yaml::9::Ahmad ran successfully in 1328ms
2024-08-06 09:38:18 INFO  liquibase.ui - Running Changeset: db/changelog/db.changelog-account.yaml::10::Ahmad
2024-08-06 09:38:18 INFO  liquibase.changelog - New row inserted into accounts
2024-08-06 09:38:18 INFO  liquibase.changelog - ChangeSet db/changelog/db.changelog-account.yaml::10::Ahmad ran successfully in 47ms
2024-08-06 09:38:18 INFO  liquibase.ui - Running Changeset: db/changelog/db.changelog-account.yaml::11::Ahmad
2024-08-06 09:38:18 INFO  liquibase.changelog - New row inserted into accounts
2024-08-06 09:38:18 INFO  liquibase.changelog - ChangeSet db/changelog/db.changelog-account.yaml::11::Ahmad ran successfully in 63ms
2024-08-06 09:38:19 INFO  liquibase.ui - Running Changeset: db/changelog/db.changelog-account.yaml::12::Ahmad
2024-08-06 09:38:19 INFO  liquibase.changelog - New row inserted into accounts
2024-08-06 09:38:19 INFO  liquibase.changelog - ChangeSet db/changelog/db.changelog-account.yaml::12::Ahmad ran successfully in 78ms
2024-08-06 09:38:19 INFO  liquibase.ui - Running Changeset: db/changelog/db.changelog-balance.yaml::3::Ahmad
2024-08-06 09:38:19 INFO  liquibase.changelog - Table balances created
2024-08-06 09:38:20 INFO  liquibase.changelog - Foreign key constraint added to balances (accountID)
2024-08-06 09:38:20 INFO  liquibase.changelog - ChangeSet db/changelog/db.changelog-balance.yaml::3::Ahmad ran successfully in 1423ms
2024-08-06 09:38:20 INFO  liquibase.ui - Running Changeset: db/changelog/db.changelog-balance.yaml::4::Ahmad
2024-08-06 09:38:20 INFO  liquibase.changelog - New row inserted into balances
2024-08-06 09:38:20 INFO  liquibase.changelog - New row inserted into balances
2024-08-06 09:38:20 INFO  liquibase.changelog - ChangeSet db/changelog/db.changelog-balance.yaml::4::Ahmad ran successfully in 78ms
2024-08-06 09:38:20 INFO  liquibase.ui - Running Changeset: db/changelog/db.changelog-transaction.yaml::3::Ahmad
2024-08-06 09:38:21 INFO  liquibase.changelog - Table transactions created
2024-08-06 09:38:22 INFO  liquibase.changelog - Foreign key constraint added to transactions (from_account)
2024-08-06 09:38:22 INFO  liquibase.changelog - ChangeSet db/changelog/db.changelog-transaction.yaml::3::Ahmad ran successfully in 1659ms
2024-08-06 09:38:22 INFO  liquibase.ui - Running Changeset: db/changelog/db.changelog-transaction.yaml::4::Ahmad
2024-08-06 09:38:22 INFO  liquibase.changelog - New row inserted into transactions
2024-08-06 09:38:22 INFO  liquibase.changelog - ChangeSet db/changelog/db.changelog-transaction.yaml::4::Ahmad ran successfully in 62ms
2024-08-06 09:38:22 INFO  liquibase.util - UPDATE SUMMARY
2024-08-06 09:38:22 INFO  liquibase.util - Run:                         13
2024-08-06 09:38:22 INFO  liquibase.util - Previously run:               0
2024-08-06 09:38:22 INFO  liquibase.util - Filtered out:                 0
2024-08-06 09:38:22 INFO  liquibase.util - -------------------------------
2024-08-06 09:38:22 INFO  liquibase.util - Total change sets:           13
2024-08-06 09:38:22 INFO  liquibase.util - Update summary generated
2024-08-06 09:38:22 INFO  liquibase.command - Update command completed successfully.
2024-08-06 09:38:22 INFO  liquibase.ui - Liquibase: Update has been successful. Rows affected: 23
2024-08-06 09:38:22 INFO  liquibase.lockservice - Successfully released change log lock
2024-08-06 09:38:22 INFO  liquibase.command - Command execution complete
2024-08-06 09:38:22 INFO  org.hibernate.Version - HHH000412: Hibernate ORM core version 6.5.2.Final
2024-08-06 09:38:22 INFO  o.h.c.i.RegionFactoryInitiator - HHH000026: Second-level cache disabled
2024-08-06 09:38:23 INFO  o.s.o.j.p.SpringPersistenceUnitInfo - No LoadTimeWeaver setup: ignoring JPA class transformer
2024-08-06 09:38:24 INFO  o.h.e.t.j.p.i.JtaPlatformInitiator - HHH000489: No JTA platform available (set 'hibernate.transaction.jta.platform' to enable JTA platform integration)
2024-08-06 09:38:32 INFO  o.s.o.j.LocalContainerEntityManagerFactoryBean - Initialized JPA EntityManagerFactory for persistence unit 'default'
2024-08-06 09:38:33 INFO  o.s.d.j.r.query.QueryEnhancerFactory - Hibernate is in classpath; If applicable, HQL parser will be used.
2024-08-06 09:38:33 INFO  o.s.o.j.LocalContainerEntityManagerFactoryBean - Closing JPA EntityManagerFactory for persistence unit 'default'
2024-08-06 09:38:33 INFO  com.zaxxer.hikari.HikariDataSource - HikariPool-1 - Shutdown initiated...
2024-08-06 09:38:34 INFO  com.zaxxer.hikari.HikariDataSource - HikariPool-1 - Shutdown completed.
2024-08-06 09:38:34 INFO  o.a.catalina.core.StandardService - Stopping service [Tomcat]
2024-08-06 09:43:21 INFO  com.practice.project06.Assignment - Starting Assignment using Java 22.0.1 with PID 6168 (C:\Users\ahmad.irtza\Desktop\RedmathTraining\Bank-be-final\target\classes started by ahmad.irtza in C:\Users\ahmad.irtza\Desktop\RedmathTraining\Bank-be-final)
2024-08-06 09:43:21 INFO  com.practice.project06.Assignment - No active profile set, falling back to 1 default profile: "default"
2024-08-06 09:43:23 INFO  o.s.d.r.c.RepositoryConfigurationDelegate - Bootstrapping Spring Data JPA repositories in DEFAULT mode.
2024-08-06 09:43:23 INFO  o.s.d.r.c.RepositoryConfigurationDelegate - Finished Spring Data repository scanning in 113 ms. Found 4 JPA repository interfaces.
2024-08-06 09:43:24 INFO  o.s.b.w.e.tomcat.TomcatWebServer - Tomcat initialized with port 8080 (http)
2024-08-06 09:43:24 INFO  o.a.coyote.http11.Http11NioProtocol - Initializing ProtocolHandler ["http-nio-8080"]
2024-08-06 09:43:24 INFO  o.a.catalina.core.StandardService - Starting service [Tomcat]
2024-08-06 09:43:24 INFO  o.a.catalina.core.StandardEngine - Starting Servlet engine: [Apache Tomcat/10.1.25]
2024-08-06 09:43:24 INFO  o.a.c.c.C.[Tomcat].[localhost].[/] - Initializing Spring embedded WebApplicationContext
2024-08-06 09:43:24 INFO  o.s.b.w.s.c.ServletWebServerApplicationContext - Root WebApplicationContext: initialization completed in 3199 ms
2024-08-06 09:43:25 INFO  com.zaxxer.hikari.HikariDataSource - HikariPool-1 - Starting...
2024-08-06 09:43:25 INFO  com.zaxxer.hikari.pool.HikariPool - HikariPool-1 - Added connection com.mysql.cj.jdbc.ConnectionImpl@3c826498
2024-08-06 09:43:25 INFO  com.zaxxer.hikari.HikariDataSource - HikariPool-1 - Start completed.
2024-08-06 09:43:25 INFO  o.s.b.a.h.H2ConsoleAutoConfiguration - H2 console available at '/h2-console'. Database available at 'jdbc:mysql://localhost:3306/bank'
2024-08-06 09:43:26 INFO  liquibase.changelog - Reading from bank.databasechangelog
2024-08-06 09:43:26 INFO  liquibase.ui - Database is up to date, no changesets to execute
2024-08-06 09:43:26 INFO  liquibase.changelog - Reading from bank.databasechangelog
2024-08-06 09:43:26 INFO  liquibase.util - UPDATE SUMMARY
2024-08-06 09:43:26 INFO  liquibase.util - Run:                          0
2024-08-06 09:43:26 INFO  liquibase.util - Previously run:              13
2024-08-06 09:43:26 INFO  liquibase.util - Filtered out:                 0
2024-08-06 09:43:26 INFO  liquibase.util - -------------------------------
2024-08-06 09:43:26 INFO  liquibase.util - Total change sets:           13
2024-08-06 09:43:26 INFO  liquibase.util - Update summary generated
2024-08-06 09:43:26 INFO  liquibase.lockservice - Successfully released change log lock
2024-08-06 09:43:26 INFO  liquibase.command - Command execution complete
2024-08-06 09:43:27 INFO  org.hibernate.Version - HHH000412: Hibernate ORM core version 6.5.2.Final
2024-08-06 09:43:27 INFO  o.h.c.i.RegionFactoryInitiator - HHH000026: Second-level cache disabled
2024-08-06 09:43:27 INFO  o.s.o.j.p.SpringPersistenceUnitInfo - No LoadTimeWeaver setup: ignoring JPA class transformer
2024-08-06 09:43:28 INFO  o.h.e.t.j.p.i.JtaPlatformInitiator - HHH000489: No JTA platform available (set 'hibernate.transaction.jta.platform' to enable JTA platform integration)
2024-08-06 09:43:28 INFO  o.s.o.j.LocalContainerEntityManagerFactoryBean - Initialized JPA EntityManagerFactory for persistence unit 'default'
2024-08-06 09:43:29 INFO  o.s.d.j.r.query.QueryEnhancerFactory - Hibernate is in classpath; If applicable, HQL parser will be used.
2024-08-06 09:43:29 INFO  o.s.s.c.a.a.c.InitializeAuthenticationProviderBeanManagerConfigurer$InitializeAuthenticationProviderManagerConfigurer - Global AuthenticationManager configured with AuthenticationProvider bean with name daoAuthenticationProvider
2024-08-06 09:43:30 INFO  o.s.b.a.w.s.WelcomePageHandlerMapping - Adding welcome page: class path resource [static/index.html]
2024-08-06 09:43:30 INFO  o.s.b.a.e.web.EndpointLinksResolver - Exposing 15 endpoints beneath base path '/actuator'
2024-08-06 09:43:32 INFO  o.a.coyote.http11.Http11NioProtocol - Starting ProtocolHandler ["http-nio-8080"]
2024-08-06 09:43:32 INFO  o.s.b.w.e.tomcat.TomcatWebServer - Tomcat started on port 8080 (http) with context path '/'
2024-08-06 09:43:32 INFO  com.practice.project06.Assignment - Started Assignment in 11.885 seconds (process running for 12.401)
2024-08-06 09:45:29 INFO  o.a.c.c.C.[Tomcat].[localhost].[/] - Initializing Spring DispatcherServlet 'dispatcherServlet'
2024-08-06 09:45:29 INFO  o.s.web.servlet.DispatcherServlet - Initializing Servlet 'dispatcherServlet'
2024-08-06 09:45:29 INFO  o.s.web.servlet.DispatcherServlet - Completed initialization in 0 ms
2024-08-06 09:51:44 INFO  o.s.o.j.LocalContainerEntityManagerFactoryBean - Closing JPA EntityManagerFactory for persistence unit 'default'
2024-08-06 09:51:44 INFO  com.zaxxer.hikari.HikariDataSource - HikariPool-1 - Shutdown initiated...
2024-08-06 09:51:44 INFO  com.zaxxer.hikari.HikariDataSource - HikariPool-1 - Shutdown completed.
2024-08-06 09:51:49 INFO  com.practice.project06.Assignment - Starting Assignment using Java 22.0.1 with PID 16960 (C:\Users\ahmad.irtza\Desktop\RedmathTraining\Bank-be-final\target\classes started by ahmad.irtza in C:\Users\ahmad.irtza\Desktop\RedmathTraining\Bank-be-final)
2024-08-06 09:51:49 INFO  com.practice.project06.Assignment - No active profile set, falling back to 1 default profile: "default"
2024-08-06 09:51:51 INFO  o.s.d.r.c.RepositoryConfigurationDelegate - Bootstrapping Spring Data JPA repositories in DEFAULT mode.
2024-08-06 09:51:51 INFO  o.s.d.r.c.RepositoryConfigurationDelegate - Finished Spring Data repository scanning in 55 ms. Found 4 JPA repository interfaces.
2024-08-06 09:51:52 INFO  o.s.b.w.e.tomcat.TomcatWebServer - Tomcat initialized with port 8080 (http)
2024-08-06 09:51:52 INFO  o.a.coyote.http11.Http11NioProtocol - Initializing ProtocolHandler ["http-nio-8080"]
2024-08-06 09:51:52 INFO  o.a.catalina.core.StandardService - Starting service [Tomcat]
2024-08-06 09:51:52 INFO  o.a.catalina.core.StandardEngine - Starting Servlet engine: [Apache Tomcat/10.1.25]
2024-08-06 09:51:52 INFO  o.a.c.c.C.[Tomcat].[localhost].[/] - Initializing Spring embedded WebApplicationContext
2024-08-06 09:51:52 INFO  o.s.b.w.s.c.ServletWebServerApplicationContext - Root WebApplicationContext: initialization completed in 2767 ms
2024-08-06 09:51:53 INFO  com.zaxxer.hikari.HikariDataSource - HikariPool-1 - Starting...
2024-08-06 09:51:53 INFO  com.zaxxer.hikari.pool.HikariPool - HikariPool-1 - Added connection com.mysql.cj.jdbc.ConnectionImpl@3749c2b
2024-08-06 09:51:53 INFO  com.zaxxer.hikari.HikariDataSource - HikariPool-1 - Start completed.
2024-08-06 09:51:53 INFO  o.s.b.a.h.H2ConsoleAutoConfiguration - H2 console available at '/h2-console'. Database available at 'jdbc:mysql://localhost:3306/bank'
2024-08-06 09:51:54 INFO  liquibase.changelog - Reading from bank.databasechangelog
2024-08-06 09:51:54 INFO  liquibase.ui - Database is up to date, no changesets to execute
2024-08-06 09:51:54 INFO  liquibase.changelog - Reading from bank.databasechangelog
2024-08-06 09:51:54 INFO  liquibase.util - UPDATE SUMMARY
2024-08-06 09:51:54 INFO  liquibase.util - Run:                          0
2024-08-06 09:51:54 INFO  liquibase.util - Previously run:              13
2024-08-06 09:51:54 INFO  liquibase.util - Filtered out:                 0
2024-08-06 09:51:54 INFO  liquibase.util - -------------------------------
2024-08-06 09:51:54 INFO  liquibase.util - Total change sets:           13
2024-08-06 09:51:54 INFO  liquibase.util - Update summary generated
2024-08-06 09:51:54 INFO  liquibase.lockservice - Successfully released change log lock
2024-08-06 09:51:54 INFO  liquibase.command - Command execution complete
2024-08-06 09:51:55 INFO  org.hibernate.Version - HHH000412: Hibernate ORM core version 6.5.2.Final
2024-08-06 09:51:55 INFO  o.h.c.i.RegionFactoryInitiator - HHH000026: Second-level cache disabled
2024-08-06 09:51:55 INFO  o.s.o.j.p.SpringPersistenceUnitInfo - No LoadTimeWeaver setup: ignoring JPA class transformer
2024-08-06 09:51:56 INFO  o.h.e.t.j.p.i.JtaPlatformInitiator - HHH000489: No JTA platform available (set 'hibernate.transaction.jta.platform' to enable JTA platform integration)
2024-08-06 09:51:56 INFO  o.s.o.j.LocalContainerEntityManagerFactoryBean - Initialized JPA EntityManagerFactory for persistence unit 'default'
2024-08-06 09:51:56 INFO  o.s.d.j.r.query.QueryEnhancerFactory - Hibernate is in classpath; If applicable, HQL parser will be used.
2024-08-06 09:51:57 INFO  o.s.s.c.a.a.c.InitializeAuthenticationProviderBeanManagerConfigurer$InitializeAuthenticationProviderManagerConfigurer - Global AuthenticationManager configured with AuthenticationProvider bean with name daoAuthenticationProvider
2024-08-06 09:51:58 INFO  o.s.b.a.w.s.WelcomePageHandlerMapping - Adding welcome page: class path resource [static/index.html]
2024-08-06 09:51:59 INFO  o.s.b.a.e.web.EndpointLinksResolver - Exposing 15 endpoints beneath base path '/actuator'
2024-08-06 09:52:00 INFO  o.a.coyote.http11.Http11NioProtocol - Starting ProtocolHandler ["http-nio-8080"]
2024-08-06 09:52:00 INFO  o.s.b.w.e.tomcat.TomcatWebServer - Tomcat started on port 8080 (http) with context path '/'
2024-08-06 09:52:00 INFO  com.practice.project06.Assignment - Started Assignment in 11.544 seconds (process running for 12.072)
2024-08-06 09:52:08 INFO  o.a.c.c.C.[Tomcat].[localhost].[/] - Initializing Spring DispatcherServlet 'dispatcherServlet'
2024-08-06 09:52:08 INFO  o.s.web.servlet.DispatcherServlet - Initializing Servlet 'dispatcherServlet'
2024-08-06 09:52:08 INFO  o.s.web.servlet.DispatcherServlet - Completed initialization in 2 ms
2024-08-06 09:53:34 INFO  o.s.o.j.LocalContainerEntityManagerFactoryBean - Closing JPA EntityManagerFactory for persistence unit 'default'
2024-08-06 09:53:34 INFO  com.zaxxer.hikari.HikariDataSource - HikariPool-1 - Shutdown initiated...
2024-08-06 09:53:34 INFO  com.zaxxer.hikari.HikariDataSource - HikariPool-1 - Shutdown completed.
2024-08-06 09:53:39 INFO  com.practice.project06.Assignment - Starting Assignment using Java 22.0.1 with PID 11656 (C:\Users\ahmad.irtza\Desktop\RedmathTraining\Bank-be-final\target\classes started by ahmad.irtza in C:\Users\ahmad.irtza\Desktop\RedmathTraining\Bank-be-final)
2024-08-06 09:53:39 INFO  com.practice.project06.Assignment - No active profile set, falling back to 1 default profile: "default"
2024-08-06 09:53:40 INFO  o.s.d.r.c.RepositoryConfigurationDelegate - Bootstrapping Spring Data JPA repositories in DEFAULT mode.
2024-08-06 09:53:41 INFO  o.s.d.r.c.RepositoryConfigurationDelegate - Finished Spring Data repository scanning in 54 ms. Found 4 JPA repository interfaces.
2024-08-06 09:53:42 INFO  o.s.b.w.e.tomcat.TomcatWebServer - Tomcat initialized with port 8080 (http)
2024-08-06 09:53:42 INFO  o.a.coyote.http11.Http11NioProtocol - Initializing ProtocolHandler ["http-nio-8080"]
2024-08-06 09:53:42 INFO  o.a.catalina.core.StandardService - Starting service [Tomcat]
2024-08-06 09:53:42 INFO  o.a.catalina.core.StandardEngine - Starting Servlet engine: [Apache Tomcat/10.1.25]
2024-08-06 09:53:42 INFO  o.a.c.c.C.[Tomcat].[localhost].[/] - Initializing Spring embedded WebApplicationContext
2024-08-06 09:53:42 INFO  o.s.b.w.s.c.ServletWebServerApplicationContext - Root WebApplicationContext: initialization completed in 2869 ms
2024-08-06 09:53:42 INFO  com.zaxxer.hikari.HikariDataSource - HikariPool-1 - Starting...
2024-08-06 09:53:43 INFO  com.zaxxer.hikari.pool.HikariPool - HikariPool-1 - Added connection com.mysql.cj.jdbc.ConnectionImpl@49f50c8f
2024-08-06 09:53:43 INFO  com.zaxxer.hikari.HikariDataSource - HikariPool-1 - Start completed.
2024-08-06 09:53:43 INFO  o.s.b.a.h.H2ConsoleAutoConfiguration - H2 console available at '/h2-console'. Database available at 'jdbc:mysql://localhost:3306/bank'
2024-08-06 09:53:44 INFO  liquibase.changelog - Reading from bank.databasechangelog
2024-08-06 09:53:44 INFO  liquibase.ui - Database is up to date, no changesets to execute
2024-08-06 09:53:44 INFO  liquibase.changelog - Reading from bank.databasechangelog
2024-08-06 09:53:44 INFO  liquibase.util - UPDATE SUMMARY
2024-08-06 09:53:44 INFO  liquibase.util - Run:                          0
2024-08-06 09:53:44 INFO  liquibase.util - Previously run:              13
2024-08-06 09:53:44 INFO  liquibase.util - Filtered out:                 0
2024-08-06 09:53:44 INFO  liquibase.util - -------------------------------
2024-08-06 09:53:44 INFO  liquibase.util - Total change sets:           13
2024-08-06 09:53:44 INFO  liquibase.util - Update summary generated
2024-08-06 09:53:44 INFO  liquibase.lockservice - Successfully released change log lock
2024-08-06 09:53:44 INFO  liquibase.command - Command execution complete
2024-08-06 09:53:44 INFO  org.hibernate.Version - HHH000412: Hibernate ORM core version 6.5.2.Final
2024-08-06 09:53:44 INFO  o.h.c.i.RegionFactoryInitiator - HHH000026: Second-level cache disabled
2024-08-06 09:53:44 INFO  o.s.o.j.p.SpringPersistenceUnitInfo - No LoadTimeWeaver setup: ignoring JPA class transformer
2024-08-06 09:53:46 INFO  o.h.e.t.j.p.i.JtaPlatformInitiator - HHH000489: No JTA platform available (set 'hibernate.transaction.jta.platform' to enable JTA platform integration)
2024-08-06 09:53:46 INFO  o.s.o.j.LocalContainerEntityManagerFactoryBean - Initialized JPA EntityManagerFactory for persistence unit 'default'
2024-08-06 09:53:46 INFO  o.s.o.j.LocalContainerEntityManagerFactoryBean - Closing JPA EntityManagerFactory for persistence unit 'default'
2024-08-06 09:53:46 INFO  com.zaxxer.hikari.HikariDataSource - HikariPool-1 - Shutdown initiated...
2024-08-06 09:53:46 INFO  com.zaxxer.hikari.HikariDataSource - HikariPool-1 - Shutdown completed.
2024-08-06 09:53:46 INFO  o.a.catalina.core.StandardService - Stopping service [Tomcat]
2024-08-06 09:55:21 INFO  com.practice.project06.Assignment - Starting Assignment using Java 22.0.1 with PID 11160 (C:\Users\ahmad.irtza\Desktop\RedmathTraining\Bank-be-final\target\classes started by ahmad.irtza in C:\Users\ahmad.irtza\Desktop\RedmathTraining\Bank-be-final)
2024-08-06 09:55:21 INFO  com.practice.project06.Assignment - No active profile set, falling back to 1 default profile: "default"
2024-08-06 09:55:22 INFO  o.s.d.r.c.RepositoryConfigurationDelegate - Bootstrapping Spring Data JPA repositories in DEFAULT mode.
2024-08-06 09:55:22 INFO  o.s.d.r.c.RepositoryConfigurationDelegate - Finished Spring Data repository scanning in 54 ms. Found 4 JPA repository interfaces.
2024-08-06 09:55:23 INFO  o.s.b.w.e.tomcat.TomcatWebServer - Tomcat initialized with port 8080 (http)
2024-08-06 09:55:23 INFO  o.a.coyote.http11.Http11NioProtocol - Initializing ProtocolHandler ["http-nio-8080"]
2024-08-06 09:55:23 INFO  o.a.catalina.core.StandardService - Starting service [Tomcat]
2024-08-06 09:55:23 INFO  o.a.catalina.core.StandardEngine - Starting Servlet engine: [Apache Tomcat/10.1.25]
2024-08-06 09:55:23 INFO  o.a.c.c.C.[Tomcat].[localhost].[/] - Initializing Spring embedded WebApplicationContext
2024-08-06 09:55:23 INFO  o.s.b.w.s.c.ServletWebServerApplicationContext - Root WebApplicationContext: initialization completed in 2740 ms
2024-08-06 09:55:24 INFO  com.zaxxer.hikari.HikariDataSource - HikariPool-1 - Starting...
2024-08-06 09:55:24 INFO  com.zaxxer.hikari.pool.HikariPool - HikariPool-1 - Added connection com.mysql.cj.jdbc.ConnectionImpl@54f25b42
2024-08-06 09:55:24 INFO  com.zaxxer.hikari.HikariDataSource - HikariPool-1 - Start completed.
2024-08-06 09:55:24 INFO  o.s.b.a.h.H2ConsoleAutoConfiguration - H2 console available at '/h2-console'. Database available at 'jdbc:mysql://localhost:3306/bank'
2024-08-06 09:55:25 INFO  liquibase.changelog - Reading from bank.databasechangelog
2024-08-06 09:55:25 INFO  liquibase.ui - Database is up to date, no changesets to execute
2024-08-06 09:55:25 INFO  liquibase.changelog - Reading from bank.databasechangelog
2024-08-06 09:55:25 INFO  liquibase.util - UPDATE SUMMARY
2024-08-06 09:55:25 INFO  liquibase.util - Run:                          0
2024-08-06 09:55:25 INFO  liquibase.util - Previously run:              13
2024-08-06 09:55:25 INFO  liquibase.util - Filtered out:                 0
2024-08-06 09:55:25 INFO  liquibase.util - -------------------------------
2024-08-06 09:55:25 INFO  liquibase.util - Total change sets:           13
2024-08-06 09:55:25 INFO  liquibase.util - Update summary generated
2024-08-06 09:55:25 INFO  liquibase.lockservice - Successfully released change log lock
2024-08-06 09:55:25 INFO  liquibase.command - Command execution complete
2024-08-06 09:55:26 INFO  org.hibernate.Version - HHH000412: Hibernate ORM core version 6.5.2.Final
2024-08-06 09:55:26 INFO  o.h.c.i.RegionFactoryInitiator - HHH000026: Second-level cache disabled
2024-08-06 09:55:26 INFO  o.s.o.j.p.SpringPersistenceUnitInfo - No LoadTimeWeaver setup: ignoring JPA class transformer
2024-08-06 09:55:27 INFO  o.h.e.t.j.p.i.JtaPlatformInitiator - HHH000489: No JTA platform available (set 'hibernate.transaction.jta.platform' to enable JTA platform integration)
2024-08-06 09:55:27 INFO  o.s.o.j.LocalContainerEntityManagerFactoryBean - Initialized JPA EntityManagerFactory for persistence unit 'default'
2024-08-06 09:55:27 INFO  o.s.d.j.r.query.QueryEnhancerFactory - Hibernate is in classpath; If applicable, HQL parser will be used.
2024-08-06 09:55:28 INFO  o.s.s.c.a.a.c.InitializeAuthenticationProviderBeanManagerConfigurer$InitializeAuthenticationProviderManagerConfigurer - Global AuthenticationManager configured with AuthenticationProvider bean with name daoAuthenticationProvider
2024-08-06 09:55:28 INFO  o.s.b.a.w.s.WelcomePageHandlerMapping - Adding welcome page: class path resource [static/index.html]
2024-08-06 09:55:29 INFO  o.s.b.a.e.web.EndpointLinksResolver - Exposing 15 endpoints beneath base path '/actuator'
2024-08-06 09:55:30 INFO  o.s.b.w.e.tomcat.TomcatWebServer - Tomcat started on port 8080 (http) with context path '/'
2024-08-06 09:55:30 INFO  com.practice.project06.Assignment - Started Assignment in 10.182 seconds (process running for 10.644)
2024-08-06 09:55:30 INFO  o.s.o.j.LocalContainerEntityManagerFactoryBean - Closing JPA EntityManagerFactory for persistence unit 'default'
2024-08-06 09:55:30 INFO  com.zaxxer.hikari.HikariDataSource - HikariPool-1 - Shutdown initiated...
2024-08-06 09:55:30 INFO  com.zaxxer.hikari.HikariDataSource - HikariPool-1 - Shutdown completed.
2024-08-06 09:55:33 INFO  com.practice.project06.Assignment - Starting Assignment using Java 22.0.1 with PID 2664 (C:\Users\ahmad.irtza\Desktop\RedmathTraining\Bank-be-final\target\classes started by ahmad.irtza in C:\Users\ahmad.irtza\Desktop\RedmathTraining\Bank-be-final)
2024-08-06 09:55:33 INFO  com.practice.project06.Assignment - No active profile set, falling back to 1 default profile: "default"
2024-08-06 09:55:35 INFO  o.s.d.r.c.RepositoryConfigurationDelegate - Bootstrapping Spring Data JPA repositories in DEFAULT mode.
2024-08-06 09:55:35 INFO  o.s.d.r.c.RepositoryConfigurationDelegate - Finished Spring Data repository scanning in 55 ms. Found 4 JPA repository interfaces.
2024-08-06 09:55:36 INFO  o.s.b.w.e.tomcat.TomcatWebServer - Tomcat initialized with port 8080 (http)
2024-08-06 09:55:36 INFO  o.a.coyote.http11.Http11NioProtocol - Initializing ProtocolHandler ["http-nio-8080"]
2024-08-06 09:55:36 INFO  o.a.catalina.core.StandardService - Starting service [Tomcat]
2024-08-06 09:55:36 INFO  o.a.catalina.core.StandardEngine - Starting Servlet engine: [Apache Tomcat/10.1.25]
2024-08-06 09:55:36 INFO  o.a.c.c.C.[Tomcat].[localhost].[/] - Initializing Spring embedded WebApplicationContext
2024-08-06 09:55:36 INFO  o.s.b.w.s.c.ServletWebServerApplicationContext - Root WebApplicationContext: initialization completed in 3108 ms
2024-08-06 09:55:36 INFO  com.zaxxer.hikari.HikariDataSource - HikariPool-1 - Starting...
2024-08-06 09:55:37 INFO  com.zaxxer.hikari.pool.HikariPool - HikariPool-1 - Added connection com.mysql.cj.jdbc.ConnectionImpl@54f25b42
2024-08-06 09:55:37 INFO  com.zaxxer.hikari.HikariDataSource - HikariPool-1 - Start completed.
2024-08-06 09:55:37 INFO  o.s.b.a.h.H2ConsoleAutoConfiguration - H2 console available at '/h2-console'. Database available at 'jdbc:mysql://localhost:3306/bank'
2024-08-06 09:55:39 INFO  liquibase.changelog - Reading from bank.databasechangelog
2024-08-06 09:55:39 INFO  liquibase.ui - Database is up to date, no changesets to execute
2024-08-06 09:55:39 INFO  liquibase.changelog - Reading from bank.databasechangelog
2024-08-06 09:55:39 INFO  liquibase.util - UPDATE SUMMARY
2024-08-06 09:55:39 INFO  liquibase.util - Run:                          0
2024-08-06 09:55:39 INFO  liquibase.util - Previously run:              13
2024-08-06 09:55:39 INFO  liquibase.util - Filtered out:                 0
2024-08-06 09:55:39 INFO  liquibase.util - -------------------------------
2024-08-06 09:55:39 INFO  liquibase.util - Total change sets:           13
2024-08-06 09:55:39 INFO  liquibase.util - Update summary generated
2024-08-06 09:55:39 INFO  liquibase.lockservice - Successfully released change log lock
2024-08-06 09:55:39 INFO  liquibase.command - Command execution complete
2024-08-06 09:55:39 INFO  org.hibernate.Version - HHH000412: Hibernate ORM core version 6.5.2.Final
2024-08-06 09:55:39 INFO  o.h.c.i.RegionFactoryInitiator - HHH000026: Second-level cache disabled
2024-08-06 09:55:40 INFO  o.s.o.j.p.SpringPersistenceUnitInfo - No LoadTimeWeaver setup: ignoring JPA class transformer
2024-08-06 09:55:41 INFO  o.h.e.t.j.p.i.JtaPlatformInitiator - HHH000489: No JTA platform available (set 'hibernate.transaction.jta.platform' to enable JTA platform integration)
2024-08-06 09:55:41 INFO  o.s.o.j.LocalContainerEntityManagerFactoryBean - Initialized JPA EntityManagerFactory for persistence unit 'default'
2024-08-06 09:55:41 INFO  o.s.d.j.r.query.QueryEnhancerFactory - Hibernate is in classpath; If applicable, HQL parser will be used.
2024-08-06 09:55:42 INFO  o.s.s.c.a.a.c.InitializeAuthenticationProviderBeanManagerConfigurer$InitializeAuthenticationProviderManagerConfigurer - Global AuthenticationManager configured with AuthenticationProvider bean with name daoAuthenticationProvider
2024-08-06 09:55:42 INFO  o.s.b.a.w.s.WelcomePageHandlerMapping - Adding welcome page: class path resource [static/index.html]
2024-08-06 09:55:43 INFO  o.s.b.a.e.web.EndpointLinksResolver - Exposing 15 endpoints beneath base path '/actuator'
2024-08-06 09:55:44 INFO  o.a.coyote.http11.Http11NioProtocol - Starting ProtocolHandler ["http-nio-8080"]
2024-08-06 09:55:44 INFO  o.s.b.w.e.tomcat.TomcatWebServer - Tomcat started on port 8080 (http) with context path '/'
2024-08-06 09:55:44 INFO  com.practice.project06.Assignment - Started Assignment in 11.692 seconds (process running for 12.274)
2024-08-06 09:55:55 INFO  o.a.c.c.C.[Tomcat].[localhost].[/] - Initializing Spring DispatcherServlet 'dispatcherServlet'
2024-08-06 09:55:55 INFO  o.s.web.servlet.DispatcherServlet - Initializing Servlet 'dispatcherServlet'
2024-08-06 09:55:55 INFO  o.s.web.servlet.DispatcherServlet - Completed initialization in 3 ms
2024-08-06 09:58:30 INFO  o.s.o.j.LocalContainerEntityManagerFactoryBean - Closing JPA EntityManagerFactory for persistence unit 'default'
2024-08-06 09:58:30 INFO  com.zaxxer.hikari.HikariDataSource - HikariPool-1 - Shutdown initiated...
2024-08-06 09:58:30 INFO  com.zaxxer.hikari.HikariDataSource - HikariPool-1 - Shutdown completed.
2024-08-06 09:58:34 INFO  com.practice.project06.Assignment - Starting Assignment using Java 22.0.1 with PID 9292 (C:\Users\ahmad.irtza\Desktop\RedmathTraining\Bank-be-final\target\classes started by ahmad.irtza in C:\Users\ahmad.irtza\Desktop\RedmathTraining\Bank-be-final)
2024-08-06 09:58:34 INFO  com.practice.project06.Assignment - No active profile set, falling back to 1 default profile: "default"
2024-08-06 09:58:36 INFO  o.s.d.r.c.RepositoryConfigurationDelegate - Bootstrapping Spring Data JPA repositories in DEFAULT mode.
2024-08-06 09:58:36 INFO  o.s.d.r.c.RepositoryConfigurationDelegate - Finished Spring Data repository scanning in 52 ms. Found 4 JPA repository interfaces.
2024-08-06 09:58:37 INFO  o.s.b.w.e.tomcat.TomcatWebServer - Tomcat initialized with port 8080 (http)
2024-08-06 09:58:37 INFO  o.a.coyote.http11.Http11NioProtocol - Initializing ProtocolHandler ["http-nio-8080"]
2024-08-06 09:58:37 INFO  o.a.catalina.core.StandardService - Starting service [Tomcat]
2024-08-06 09:58:37 INFO  o.a.catalina.core.StandardEngine - Starting Servlet engine: [Apache Tomcat/10.1.25]
2024-08-06 09:58:37 INFO  o.a.c.c.C.[Tomcat].[localhost].[/] - Initializing Spring embedded WebApplicationContext
2024-08-06 09:58:37 INFO  o.s.b.w.s.c.ServletWebServerApplicationContext - Root WebApplicationContext: initialization completed in 2919 ms
2024-08-06 09:58:38 INFO  com.zaxxer.hikari.HikariDataSource - HikariPool-1 - Starting...
2024-08-06 09:58:38 INFO  com.zaxxer.hikari.pool.HikariPool - HikariPool-1 - Added connection com.mysql.cj.jdbc.ConnectionImpl@672d8370
2024-08-06 09:58:38 INFO  com.zaxxer.hikari.HikariDataSource - HikariPool-1 - Start completed.
2024-08-06 09:58:38 INFO  o.s.b.a.h.H2ConsoleAutoConfiguration - H2 console available at '/h2-console'. Database available at 'jdbc:mysql://localhost:3306/bank'
2024-08-06 09:58:40 INFO  liquibase.changelog - Reading from bank.databasechangelog
2024-08-06 09:58:40 INFO  liquibase.ui - Database is up to date, no changesets to execute
2024-08-06 09:58:40 INFO  liquibase.changelog - Reading from bank.databasechangelog
2024-08-06 09:58:40 INFO  liquibase.util - UPDATE SUMMARY
2024-08-06 09:58:40 INFO  liquibase.util - Run:                          0
2024-08-06 09:58:40 INFO  liquibase.util - Previously run:              13
2024-08-06 09:58:40 INFO  liquibase.util - Filtered out:                 0
2024-08-06 09:58:40 INFO  liquibase.util - -------------------------------
2024-08-06 09:58:40 INFO  liquibase.util - Total change sets:           13
2024-08-06 09:58:40 INFO  liquibase.util - Update summary generated
2024-08-06 09:58:40 INFO  liquibase.lockservice - Successfully released change log lock
2024-08-06 09:58:40 INFO  liquibase.command - Command execution complete
2024-08-06 09:58:40 INFO  org.hibernate.Version - HHH000412: Hibernate ORM core version 6.5.2.Final
2024-08-06 09:58:40 INFO  o.h.c.i.RegionFactoryInitiator - HHH000026: Second-level cache disabled
2024-08-06 09:58:40 INFO  o.s.o.j.p.SpringPersistenceUnitInfo - No LoadTimeWeaver setup: ignoring JPA class transformer
2024-08-06 09:58:41 INFO  o.h.e.t.j.p.i.JtaPlatformInitiator - HHH000489: No JTA platform available (set 'hibernate.transaction.jta.platform' to enable JTA platform integration)
2024-08-06 09:58:41 INFO  o.s.o.j.LocalContainerEntityManagerFactoryBean - Initialized JPA EntityManagerFactory for persistence unit 'default'
2024-08-06 09:58:42 INFO  o.s.d.j.r.query.QueryEnhancerFactory - Hibernate is in classpath; If applicable, HQL parser will be used.
2024-08-06 09:58:42 INFO  o.s.s.c.a.a.c.InitializeAuthenticationProviderBeanManagerConfigurer$InitializeAuthenticationProviderManagerConfigurer - Global AuthenticationManager configured with AuthenticationProvider bean with name daoAuthenticationProvider
2024-08-06 09:58:43 INFO  o.s.b.a.w.s.WelcomePageHandlerMapping - Adding welcome page: class path resource [static/index.html]
2024-08-06 09:58:43 INFO  o.s.b.a.e.web.EndpointLinksResolver - Exposing 15 endpoints beneath base path '/actuator'
2024-08-06 09:58:44 INFO  o.a.coyote.http11.Http11NioProtocol - Starting ProtocolHandler ["http-nio-8080"]
2024-08-06 09:58:44 INFO  o.s.b.w.e.tomcat.TomcatWebServer - Tomcat started on port 8080 (http) with context path '/'
2024-08-06 09:58:44 INFO  com.practice.project06.Assignment - Started Assignment in 10.977 seconds (process running for 11.447)
2024-08-06 09:59:44 INFO  o.a.c.c.C.[Tomcat].[localhost].[/] - Initializing Spring DispatcherServlet 'dispatcherServlet'
2024-08-06 09:59:44 INFO  o.s.web.servlet.DispatcherServlet - Initializing Servlet 'dispatcherServlet'
2024-08-06 09:59:44 INFO  o.s.web.servlet.DispatcherServlet - Completed initialization in 2 ms
2024-08-06 10:02:08 INFO  o.s.o.j.LocalContainerEntityManagerFactoryBean - Closing JPA EntityManagerFactory for persistence unit 'default'
2024-08-06 10:02:08 INFO  com.zaxxer.hikari.HikariDataSource - HikariPool-1 - Shutdown initiated...
2024-08-06 10:02:08 INFO  com.zaxxer.hikari.HikariDataSource - HikariPool-1 - Shutdown completed.
2024-08-06 10:02:11 INFO  com.practice.project06.Assignment - Starting Assignment using Java 22.0.1 with PID 15732 (C:\Users\ahmad.irtza\Desktop\RedmathTraining\Bank-be-final\target\classes started by ahmad.irtza in C:\Users\ahmad.irtza\Desktop\RedmathTraining\Bank-be-final)
2024-08-06 10:02:11 INFO  com.practice.project06.Assignment - No active profile set, falling back to 1 default profile: "default"
2024-08-06 10:02:13 INFO  o.s.d.r.c.RepositoryConfigurationDelegate - Bootstrapping Spring Data JPA repositories in DEFAULT mode.
2024-08-06 10:02:13 INFO  o.s.d.r.c.RepositoryConfigurationDelegate - Finished Spring Data repository scanning in 56 ms. Found 4 JPA repository interfaces.
2024-08-06 10:02:14 INFO  o.s.b.w.e.tomcat.TomcatWebServer - Tomcat initialized with port 8080 (http)
2024-08-06 10:02:14 INFO  o.a.coyote.http11.Http11NioProtocol - Initializing ProtocolHandler ["http-nio-8080"]
2024-08-06 10:02:14 INFO  o.a.catalina.core.StandardService - Starting service [Tomcat]
2024-08-06 10:02:14 INFO  o.a.catalina.core.StandardEngine - Starting Servlet engine: [Apache Tomcat/10.1.25]
2024-08-06 10:02:14 INFO  o.a.c.c.C.[Tomcat].[localhost].[/] - Initializing Spring embedded WebApplicationContext
2024-08-06 10:02:14 INFO  o.s.b.w.s.c.ServletWebServerApplicationContext - Root WebApplicationContext: initialization completed in 3046 ms
2024-08-06 10:02:14 INFO  com.zaxxer.hikari.HikariDataSource - HikariPool-1 - Starting...
2024-08-06 10:02:15 INFO  com.zaxxer.hikari.pool.HikariPool - HikariPool-1 - Added connection com.mysql.cj.jdbc.ConnectionImpl@51df2a41
2024-08-06 10:02:15 INFO  com.zaxxer.hikari.HikariDataSource - HikariPool-1 - Start completed.
2024-08-06 10:02:15 INFO  o.s.b.a.h.H2ConsoleAutoConfiguration - H2 console available at '/h2-console'. Database available at 'jdbc:mysql://localhost:3306/bank'
2024-08-06 10:02:16 INFO  liquibase.changelog - Reading from bank.databasechangelog
2024-08-06 10:02:16 INFO  liquibase.ui - Database is up to date, no changesets to execute
2024-08-06 10:02:16 INFO  liquibase.changelog - Reading from bank.databasechangelog
2024-08-06 10:02:16 INFO  liquibase.util - UPDATE SUMMARY
2024-08-06 10:02:16 INFO  liquibase.util - Run:                          0
2024-08-06 10:02:16 INFO  liquibase.util - Previously run:              13
2024-08-06 10:02:16 INFO  liquibase.util - Filtered out:                 0
2024-08-06 10:02:16 INFO  liquibase.util - -------------------------------
2024-08-06 10:02:16 INFO  liquibase.util - Total change sets:           13
2024-08-06 10:02:16 INFO  liquibase.util - Update summary generated
2024-08-06 10:02:16 INFO  liquibase.lockservice - Successfully released change log lock
2024-08-06 10:02:16 INFO  liquibase.command - Command execution complete
2024-08-06 10:02:16 INFO  org.hibernate.Version - HHH000412: Hibernate ORM core version 6.5.2.Final
2024-08-06 10:02:16 INFO  o.h.c.i.RegionFactoryInitiator - HHH000026: Second-level cache disabled
2024-08-06 10:02:17 INFO  o.s.o.j.p.SpringPersistenceUnitInfo - No LoadTimeWeaver setup: ignoring JPA class transformer
2024-08-06 10:02:18 INFO  o.h.e.t.j.p.i.JtaPlatformInitiator - HHH000489: No JTA platform available (set 'hibernate.transaction.jta.platform' to enable JTA platform integration)
2024-08-06 10:02:18 INFO  o.s.o.j.LocalContainerEntityManagerFactoryBean - Initialized JPA EntityManagerFactory for persistence unit 'default'
2024-08-06 10:02:18 INFO  o.s.d.j.r.query.QueryEnhancerFactory - Hibernate is in classpath; If applicable, HQL parser will be used.
2024-08-06 10:02:19 INFO  o.s.s.c.a.a.c.InitializeAuthenticationProviderBeanManagerConfigurer$InitializeAuthenticationProviderManagerConfigurer - Global AuthenticationManager configured with AuthenticationProvider bean with name daoAuthenticationProvider
2024-08-06 10:02:19 INFO  o.s.b.a.w.s.WelcomePageHandlerMapping - Adding welcome page: class path resource [static/index.html]
2024-08-06 10:02:20 INFO  o.s.b.a.e.web.EndpointLinksResolver - Exposing 15 endpoints beneath base path '/actuator'
2024-08-06 10:02:21 INFO  o.a.coyote.http11.Http11NioProtocol - Starting ProtocolHandler ["http-nio-8080"]
2024-08-06 10:02:21 INFO  o.s.b.w.e.tomcat.TomcatWebServer - Tomcat started on port 8080 (http) with context path '/'
2024-08-06 10:02:21 INFO  com.practice.project06.Assignment - Started Assignment in 10.526 seconds (process running for 11.005)
2024-08-06 10:03:35 INFO  o.s.o.j.LocalContainerEntityManagerFactoryBean - Closing JPA EntityManagerFactory for persistence unit 'default'
2024-08-06 10:03:35 INFO  com.zaxxer.hikari.HikariDataSource - HikariPool-1 - Shutdown initiated...
2024-08-06 10:03:35 INFO  com.zaxxer.hikari.HikariDataSource - HikariPool-1 - Shutdown completed.
2024-08-06 10:03:40 INFO  com.practice.project06.Assignment - Starting Assignment using Java 22.0.1 with PID 9276 (C:\Users\ahmad.irtza\Desktop\RedmathTraining\Bank-be-final\target\classes started by ahmad.irtza in C:\Users\ahmad.irtza\Desktop\RedmathTraining\Bank-be-final)
2024-08-06 10:03:40 INFO  com.practice.project06.Assignment - No active profile set, falling back to 1 default profile: "default"
2024-08-06 10:03:41 INFO  o.s.d.r.c.RepositoryConfigurationDelegate - Bootstrapping Spring Data JPA repositories in DEFAULT mode.
2024-08-06 10:03:41 INFO  o.s.d.r.c.RepositoryConfigurationDelegate - Finished Spring Data repository scanning in 52 ms. Found 4 JPA repository interfaces.
2024-08-06 10:03:42 INFO  o.s.b.w.e.tomcat.TomcatWebServer - Tomcat initialized with port 8080 (http)
2024-08-06 10:03:42 INFO  o.a.coyote.http11.Http11NioProtocol - Initializing ProtocolHandler ["http-nio-8080"]
2024-08-06 10:03:42 INFO  o.a.catalina.core.StandardService - Starting service [Tomcat]
2024-08-06 10:03:42 INFO  o.a.catalina.core.StandardEngine - Starting Servlet engine: [Apache Tomcat/10.1.25]
2024-08-06 10:03:42 INFO  o.a.c.c.C.[Tomcat].[localhost].[/] - Initializing Spring embedded WebApplicationContext
2024-08-06 10:03:42 INFO  o.s.b.w.s.c.ServletWebServerApplicationContext - Root WebApplicationContext: initialization completed in 2772 ms
2024-08-06 10:03:43 INFO  com.zaxxer.hikari.HikariDataSource - HikariPool-1 - Starting...
2024-08-06 10:03:43 INFO  com.zaxxer.hikari.pool.HikariPool - HikariPool-1 - Added connection com.mysql.cj.jdbc.ConnectionImpl@49f50c8f
2024-08-06 10:03:43 INFO  com.zaxxer.hikari.HikariDataSource - HikariPool-1 - Start completed.
2024-08-06 10:03:43 INFO  o.s.b.a.h.H2ConsoleAutoConfiguration - H2 console available at '/h2-console'. Database available at 'jdbc:mysql://localhost:3306/bank'
2024-08-06 10:03:44 INFO  liquibase.changelog - Reading from bank.databasechangelog
2024-08-06 10:03:44 INFO  liquibase.ui - Database is up to date, no changesets to execute
2024-08-06 10:03:44 INFO  liquibase.changelog - Reading from bank.databasechangelog
2024-08-06 10:03:44 INFO  liquibase.util - UPDATE SUMMARY
2024-08-06 10:03:44 INFO  liquibase.util - Run:                          0
2024-08-06 10:03:44 INFO  liquibase.util - Previously run:              13
2024-08-06 10:03:44 INFO  liquibase.util - Filtered out:                 0
2024-08-06 10:03:44 INFO  liquibase.util - -------------------------------
2024-08-06 10:03:44 INFO  liquibase.util - Total change sets:           13
2024-08-06 10:03:44 INFO  liquibase.util - Update summary generated
2024-08-06 10:03:44 INFO  liquibase.lockservice - Successfully released change log lock
2024-08-06 10:03:44 INFO  liquibase.command - Command execution complete
2024-08-06 10:03:44 INFO  org.hibernate.Version - HHH000412: Hibernate ORM core version 6.5.2.Final
2024-08-06 10:03:45 INFO  o.h.c.i.RegionFactoryInitiator - HHH000026: Second-level cache disabled
2024-08-06 10:03:45 INFO  o.s.o.j.p.SpringPersistenceUnitInfo - No LoadTimeWeaver setup: ignoring JPA class transformer
2024-08-06 10:03:46 INFO  o.h.e.t.j.p.i.JtaPlatformInitiator - HHH000489: No JTA platform available (set 'hibernate.transaction.jta.platform' to enable JTA platform integration)
2024-08-06 10:03:46 INFO  o.s.o.j.LocalContainerEntityManagerFactoryBean - Initialized JPA EntityManagerFactory for persistence unit 'default'
2024-08-06 10:03:46 INFO  o.s.d.j.r.query.QueryEnhancerFactory - Hibernate is in classpath; If applicable, HQL parser will be used.
2024-08-06 10:03:47 INFO  o.s.o.j.LocalContainerEntityManagerFactoryBean - Closing JPA EntityManagerFactory for persistence unit 'default'
2024-08-06 10:03:47 INFO  com.zaxxer.hikari.HikariDataSource - HikariPool-1 - Shutdown initiated...
2024-08-06 10:03:47 INFO  com.zaxxer.hikari.HikariDataSource - HikariPool-1 - Shutdown completed.
2024-08-06 10:03:47 INFO  o.a.catalina.core.StandardService - Stopping service [Tomcat]
2024-08-06 10:05:59 INFO  com.practice.project06.Assignment - Starting Assignment using Java 22.0.1 with PID 12716 (C:\Users\ahmad.irtza\Desktop\RedmathTraining\Bank-be-final\target\classes started by ahmad.irtza in C:\Users\ahmad.irtza\Desktop\RedmathTraining\Bank-be-final)
2024-08-06 10:05:59 INFO  com.practice.project06.Assignment - No active profile set, falling back to 1 default profile: "default"
2024-08-06 10:06:01 INFO  o.s.d.r.c.RepositoryConfigurationDelegate - Bootstrapping Spring Data JPA repositories in DEFAULT mode.
2024-08-06 10:06:01 INFO  o.s.d.r.c.RepositoryConfigurationDelegate - Finished Spring Data repository scanning in 51 ms. Found 4 JPA repository interfaces.
2024-08-06 10:06:02 INFO  o.s.b.w.e.tomcat.TomcatWebServer - Tomcat initialized with port 8080 (http)
2024-08-06 10:06:02 INFO  o.a.coyote.http11.Http11NioProtocol - Initializing ProtocolHandler ["http-nio-8080"]
2024-08-06 10:06:02 INFO  o.a.catalina.core.StandardService - Starting service [Tomcat]
2024-08-06 10:06:02 INFO  o.a.catalina.core.StandardEngine - Starting Servlet engine: [Apache Tomcat/10.1.25]
2024-08-06 10:06:02 INFO  o.a.c.c.C.[Tomcat].[localhost].[/] - Initializing Spring embedded WebApplicationContext
2024-08-06 10:06:02 INFO  o.s.b.w.s.c.ServletWebServerApplicationContext - Root WebApplicationContext: initialization completed in 2763 ms
2024-08-06 10:06:02 INFO  com.zaxxer.hikari.HikariDataSource - HikariPool-1 - Starting...
2024-08-06 10:06:03 INFO  com.zaxxer.hikari.pool.HikariPool - HikariPool-1 - Added connection com.mysql.cj.jdbc.ConnectionImpl@672d8370
2024-08-06 10:06:03 INFO  com.zaxxer.hikari.HikariDataSource - HikariPool-1 - Start completed.
2024-08-06 10:06:03 INFO  o.s.b.a.h.H2ConsoleAutoConfiguration - H2 console available at '/h2-console'. Database available at 'jdbc:mysql://localhost:3306/bank'
2024-08-06 10:06:04 INFO  liquibase.changelog - Reading from bank.databasechangelog
2024-08-06 10:06:04 INFO  liquibase.ui - Database is up to date, no changesets to execute
2024-08-06 10:06:04 INFO  liquibase.changelog - Reading from bank.databasechangelog
2024-08-06 10:06:04 INFO  liquibase.util - UPDATE SUMMARY
2024-08-06 10:06:04 INFO  liquibase.util - Run:                          0
2024-08-06 10:06:04 INFO  liquibase.util - Previously run:              13
2024-08-06 10:06:04 INFO  liquibase.util - Filtered out:                 0
2024-08-06 10:06:04 INFO  liquibase.util - -------------------------------
2024-08-06 10:06:04 INFO  liquibase.util - Total change sets:           13
2024-08-06 10:06:04 INFO  liquibase.util - Update summary generated
2024-08-06 10:06:04 INFO  liquibase.lockservice - Successfully released change log lock
2024-08-06 10:06:04 INFO  liquibase.command - Command execution complete
2024-08-06 10:06:04 INFO  org.hibernate.Version - HHH000412: Hibernate ORM core version 6.5.2.Final
2024-08-06 10:06:04 INFO  o.h.c.i.RegionFactoryInitiator - HHH000026: Second-level cache disabled
2024-08-06 10:06:05 INFO  o.s.o.j.p.SpringPersistenceUnitInfo - No LoadTimeWeaver setup: ignoring JPA class transformer
2024-08-06 10:06:06 INFO  o.h.e.t.j.p.i.JtaPlatformInitiator - HHH000489: No JTA platform available (set 'hibernate.transaction.jta.platform' to enable JTA platform integration)
2024-08-06 10:06:06 INFO  o.s.o.j.LocalContainerEntityManagerFactoryBean - Initialized JPA EntityManagerFactory for persistence unit 'default'
2024-08-06 10:06:06 INFO  o.s.d.j.r.query.QueryEnhancerFactory - Hibernate is in classpath; If applicable, HQL parser will be used.
2024-08-06 10:06:06 INFO  o.s.o.j.LocalContainerEntityManagerFactoryBean - Closing JPA EntityManagerFactory for persistence unit 'default'
2024-08-06 10:06:06 INFO  com.zaxxer.hikari.HikariDataSource - HikariPool-1 - Shutdown initiated...
2024-08-06 10:06:07 INFO  com.zaxxer.hikari.HikariDataSource - HikariPool-1 - Shutdown completed.
2024-08-06 10:06:07 INFO  o.a.catalina.core.StandardService - Stopping service [Tomcat]
2024-08-06 10:06:32 INFO  com.practice.project06.Assignment - Starting Assignment using Java 22.0.1 with PID 5144 (C:\Users\ahmad.irtza\Desktop\RedmathTraining\Bank-be-final\target\classes started by ahmad.irtza in C:\Users\ahmad.irtza\Desktop\RedmathTraining\Bank-be-final)
2024-08-06 10:06:32 INFO  com.practice.project06.Assignment - No active profile set, falling back to 1 default profile: "default"
2024-08-06 10:06:34 INFO  o.s.d.r.c.RepositoryConfigurationDelegate - Bootstrapping Spring Data JPA repositories in DEFAULT mode.
2024-08-06 10:06:34 INFO  o.s.d.r.c.RepositoryConfigurationDelegate - Finished Spring Data repository scanning in 54 ms. Found 4 JPA repository interfaces.
2024-08-06 10:06:35 INFO  o.s.b.w.e.tomcat.TomcatWebServer - Tomcat initialized with port 8080 (http)
2024-08-06 10:06:35 INFO  o.a.coyote.http11.Http11NioProtocol - Initializing ProtocolHandler ["http-nio-8080"]
2024-08-06 10:06:35 INFO  o.a.catalina.core.StandardService - Starting service [Tomcat]
2024-08-06 10:06:35 INFO  o.a.catalina.core.StandardEngine - Starting Servlet engine: [Apache Tomcat/10.1.25]
2024-08-06 10:06:35 INFO  o.a.c.c.C.[Tomcat].[localhost].[/] - Initializing Spring embedded WebApplicationContext
2024-08-06 10:06:35 INFO  o.s.b.w.s.c.ServletWebServerApplicationContext - Root WebApplicationContext: initialization completed in 2776 ms
2024-08-06 10:06:36 INFO  com.zaxxer.hikari.HikariDataSource - HikariPool-1 - Starting...
2024-08-06 10:06:36 INFO  com.zaxxer.hikari.pool.HikariPool - HikariPool-1 - Added connection com.mysql.cj.jdbc.ConnectionImpl@22002459
2024-08-06 10:06:36 INFO  com.zaxxer.hikari.HikariDataSource - HikariPool-1 - Start completed.
2024-08-06 10:06:36 INFO  o.s.b.a.h.H2ConsoleAutoConfiguration - H2 console available at '/h2-console'. Database available at 'jdbc:mysql://localhost:3306/bank'
2024-08-06 10:06:37 INFO  liquibase.changelog - Reading from bank.databasechangelog
2024-08-06 10:06:37 INFO  liquibase.ui - Database is up to date, no changesets to execute
2024-08-06 10:06:37 INFO  liquibase.changelog - Reading from bank.databasechangelog
2024-08-06 10:06:37 INFO  liquibase.util - UPDATE SUMMARY
2024-08-06 10:06:37 INFO  liquibase.util - Run:                          0
2024-08-06 10:06:37 INFO  liquibase.util - Previously run:              13
2024-08-06 10:06:37 INFO  liquibase.util - Filtered out:                 0
2024-08-06 10:06:37 INFO  liquibase.util - -------------------------------
2024-08-06 10:06:37 INFO  liquibase.util - Total change sets:           13
2024-08-06 10:06:37 INFO  liquibase.util - Update summary generated
2024-08-06 10:06:37 INFO  liquibase.lockservice - Successfully released change log lock
2024-08-06 10:06:37 INFO  liquibase.command - Command execution complete
2024-08-06 10:06:37 INFO  org.hibernate.Version - HHH000412: Hibernate ORM core version 6.5.2.Final
2024-08-06 10:06:37 INFO  o.h.c.i.RegionFactoryInitiator - HHH000026: Second-level cache disabled
2024-08-06 10:06:38 INFO  o.s.o.j.p.SpringPersistenceUnitInfo - No LoadTimeWeaver setup: ignoring JPA class transformer
2024-08-06 10:06:39 INFO  o.h.e.t.j.p.i.JtaPlatformInitiator - HHH000489: No JTA platform available (set 'hibernate.transaction.jta.platform' to enable JTA platform integration)
2024-08-06 10:06:39 INFO  o.s.o.j.LocalContainerEntityManagerFactoryBean - Initialized JPA EntityManagerFactory for persistence unit 'default'
2024-08-06 10:06:39 INFO  o.s.d.j.r.query.QueryEnhancerFactory - Hibernate is in classpath; If applicable, HQL parser will be used.
2024-08-06 10:06:40 INFO  o.s.o.j.LocalContainerEntityManagerFactoryBean - Closing JPA EntityManagerFactory for persistence unit 'default'
2024-08-06 10:06:40 INFO  com.zaxxer.hikari.HikariDataSource - HikariPool-1 - Shutdown initiated...
2024-08-06 10:06:40 INFO  com.zaxxer.hikari.HikariDataSource - HikariPool-1 - Shutdown completed.
2024-08-06 10:06:40 INFO  o.a.catalina.core.StandardService - Stopping service [Tomcat]
2024-08-06 10:07:01 INFO  com.practice.project06.Assignment - Starting Assignment using Java 22.0.1 with PID 6136 (C:\Users\ahmad.irtza\Desktop\RedmathTraining\Bank-be-final\target\classes started by ahmad.irtza in C:\Users\ahmad.irtza\Desktop\RedmathTraining\Bank-be-final)
2024-08-06 10:07:01 INFO  com.practice.project06.Assignment - No active profile set, falling back to 1 default profile: "default"
2024-08-06 10:07:03 INFO  o.s.d.r.c.RepositoryConfigurationDelegate - Bootstrapping Spring Data JPA repositories in DEFAULT mode.
2024-08-06 10:07:03 INFO  o.s.d.r.c.RepositoryConfigurationDelegate - Finished Spring Data repository scanning in 55 ms. Found 4 JPA repository interfaces.
2024-08-06 10:07:04 INFO  o.s.b.w.e.tomcat.TomcatWebServer - Tomcat initialized with port 8080 (http)
2024-08-06 10:07:04 INFO  o.a.coyote.http11.Http11NioProtocol - Initializing ProtocolHandler ["http-nio-8080"]
2024-08-06 10:07:04 INFO  o.a.catalina.core.StandardService - Starting service [Tomcat]
2024-08-06 10:07:04 INFO  o.a.catalina.core.StandardEngine - Starting Servlet engine: [Apache Tomcat/10.1.25]
2024-08-06 10:07:04 INFO  o.a.c.c.C.[Tomcat].[localhost].[/] - Initializing Spring embedded WebApplicationContext
2024-08-06 10:07:04 INFO  o.s.b.w.s.c.ServletWebServerApplicationContext - Root WebApplicationContext: initialization completed in 2755 ms
2024-08-06 10:07:04 INFO  com.zaxxer.hikari.HikariDataSource - HikariPool-1 - Starting...
2024-08-06 10:07:05 INFO  com.zaxxer.hikari.pool.HikariPool - HikariPool-1 - Added connection com.mysql.cj.jdbc.ConnectionImpl@46e6458d
2024-08-06 10:07:05 INFO  com.zaxxer.hikari.HikariDataSource - HikariPool-1 - Start completed.
2024-08-06 10:07:05 INFO  o.s.b.a.h.H2ConsoleAutoConfiguration - H2 console available at '/h2-console'. Database available at 'jdbc:mysql://localhost:3306/bank'
2024-08-06 10:07:06 INFO  liquibase.changelog - Reading from bank.databasechangelog
2024-08-06 10:07:06 INFO  liquibase.ui - Database is up to date, no changesets to execute
2024-08-06 10:07:06 INFO  liquibase.changelog - Reading from bank.databasechangelog
2024-08-06 10:07:06 INFO  liquibase.util - UPDATE SUMMARY
2024-08-06 10:07:06 INFO  liquibase.util - Run:                          0
2024-08-06 10:07:06 INFO  liquibase.util - Previously run:              13
2024-08-06 10:07:06 INFO  liquibase.util - Filtered out:                 0
2024-08-06 10:07:06 INFO  liquibase.util - -------------------------------
2024-08-06 10:07:06 INFO  liquibase.util - Total change sets:           13
2024-08-06 10:07:06 INFO  liquibase.util - Update summary generated
2024-08-06 10:07:06 INFO  liquibase.lockservice - Successfully released change log lock
2024-08-06 10:07:06 INFO  liquibase.command - Command execution complete
2024-08-06 10:07:06 INFO  org.hibernate.Version - HHH000412: Hibernate ORM core version 6.5.2.Final
2024-08-06 10:07:06 INFO  o.h.c.i.RegionFactoryInitiator - HHH000026: Second-level cache disabled
2024-08-06 10:07:06 INFO  o.s.o.j.p.SpringPersistenceUnitInfo - No LoadTimeWeaver setup: ignoring JPA class transformer
2024-08-06 10:07:07 INFO  o.h.e.t.j.p.i.JtaPlatformInitiator - HHH000489: No JTA platform available (set 'hibernate.transaction.jta.platform' to enable JTA platform integration)
2024-08-06 10:07:07 INFO  o.s.o.j.LocalContainerEntityManagerFactoryBean - Initialized JPA EntityManagerFactory for persistence unit 'default'
2024-08-06 10:07:08 INFO  o.s.d.j.r.query.QueryEnhancerFactory - Hibernate is in classpath; If applicable, HQL parser will be used.
2024-08-06 10:07:08 INFO  o.s.o.j.LocalContainerEntityManagerFactoryBean - Closing JPA EntityManagerFactory for persistence unit 'default'
2024-08-06 10:07:08 INFO  com.zaxxer.hikari.HikariDataSource - HikariPool-1 - Shutdown initiated...
2024-08-06 10:07:08 INFO  com.zaxxer.hikari.HikariDataSource - HikariPool-1 - Shutdown completed.
2024-08-06 10:07:08 INFO  o.a.catalina.core.StandardService - Stopping service [Tomcat]
2024-08-06 10:11:41 INFO  com.practice.project06.Assignment - Starting Assignment using Java 22.0.1 with PID 5668 (C:\Users\ahmad.irtza\Desktop\RedmathTraining\Bank-be-final\target\classes started by ahmad.irtza in C:\Users\ahmad.irtza\Desktop\RedmathTraining\Bank-be-final)
2024-08-06 10:11:41 INFO  com.practice.project06.Assignment - No active profile set, falling back to 1 default profile: "default"
2024-08-06 10:11:42 INFO  o.s.d.r.c.RepositoryConfigurationDelegate - Bootstrapping Spring Data JPA repositories in DEFAULT mode.
2024-08-06 10:11:42 INFO  o.s.d.r.c.RepositoryConfigurationDelegate - Finished Spring Data repository scanning in 55 ms. Found 4 JPA repository interfaces.
2024-08-06 10:11:44 INFO  o.s.b.w.e.tomcat.TomcatWebServer - Tomcat initialized with port 8080 (http)
2024-08-06 10:11:44 INFO  o.a.coyote.http11.Http11NioProtocol - Initializing ProtocolHandler ["http-nio-8080"]
2024-08-06 10:11:44 INFO  o.a.catalina.core.StandardService - Starting service [Tomcat]
2024-08-06 10:11:44 INFO  o.a.catalina.core.StandardEngine - Starting Servlet engine: [Apache Tomcat/10.1.25]
2024-08-06 10:11:44 INFO  o.a.c.c.C.[Tomcat].[localhost].[/] - Initializing Spring embedded WebApplicationContext
2024-08-06 10:11:44 INFO  o.s.b.w.s.c.ServletWebServerApplicationContext - Root WebApplicationContext: initialization completed in 2809 ms
2024-08-06 10:11:44 INFO  com.zaxxer.hikari.HikariDataSource - HikariPool-1 - Starting...
2024-08-06 10:11:44 INFO  com.zaxxer.hikari.pool.HikariPool - HikariPool-1 - Added connection com.mysql.cj.jdbc.ConnectionImpl@46fb9581
2024-08-06 10:11:44 INFO  com.zaxxer.hikari.HikariDataSource - HikariPool-1 - Start completed.
2024-08-06 10:11:44 INFO  o.s.b.a.h.H2ConsoleAutoConfiguration - H2 console available at '/h2-console'. Database available at 'jdbc:mysql://localhost:3306/bank'
2024-08-06 10:11:46 INFO  liquibase.changelog - Reading from bank.databasechangelog
2024-08-06 10:11:46 INFO  liquibase.ui - Database is up to date, no changesets to execute
2024-08-06 10:11:46 INFO  liquibase.changelog - Reading from bank.databasechangelog
2024-08-06 10:11:46 INFO  liquibase.util - UPDATE SUMMARY
2024-08-06 10:11:46 INFO  liquibase.util - Run:                          0
2024-08-06 10:11:46 INFO  liquibase.util - Previously run:              13
2024-08-06 10:11:46 INFO  liquibase.util - Filtered out:                 0
2024-08-06 10:11:46 INFO  liquibase.util - -------------------------------
2024-08-06 10:11:46 INFO  liquibase.util - Total change sets:           13
2024-08-06 10:11:46 INFO  liquibase.util - Update summary generated
2024-08-06 10:11:46 INFO  liquibase.lockservice - Successfully released change log lock
2024-08-06 10:11:46 INFO  liquibase.command - Command execution complete
2024-08-06 10:11:46 INFO  org.hibernate.Version - HHH000412: Hibernate ORM core version 6.5.2.Final
2024-08-06 10:11:46 INFO  o.h.c.i.RegionFactoryInitiator - HHH000026: Second-level cache disabled
2024-08-06 10:11:46 INFO  o.s.o.j.p.SpringPersistenceUnitInfo - No LoadTimeWeaver setup: ignoring JPA class transformer
2024-08-06 10:11:47 INFO  o.h.e.t.j.p.i.JtaPlatformInitiator - HHH000489: No JTA platform available (set 'hibernate.transaction.jta.platform' to enable JTA platform integration)
2024-08-06 10:11:47 INFO  o.s.o.j.LocalContainerEntityManagerFactoryBean - Initialized JPA EntityManagerFactory for persistence unit 'default'
2024-08-06 10:11:48 INFO  o.s.d.j.r.query.QueryEnhancerFactory - Hibernate is in classpath; If applicable, HQL parser will be used.
2024-08-06 10:11:48 INFO  o.s.s.c.a.a.c.InitializeAuthenticationProviderBeanManagerConfigurer$InitializeAuthenticationProviderManagerConfigurer - Global AuthenticationManager configured with AuthenticationProvider bean with name daoAuthenticationProvider
2024-08-06 10:11:49 INFO  o.s.b.a.w.s.WelcomePageHandlerMapping - Adding welcome page: class path resource [static/index.html]
2024-08-06 10:11:49 INFO  o.s.b.a.e.web.EndpointLinksResolver - Exposing 15 endpoints beneath base path '/actuator'
2024-08-06 10:11:50 INFO  o.a.coyote.http11.Http11NioProtocol - Starting ProtocolHandler ["http-nio-8080"]
2024-08-06 10:11:50 INFO  o.s.b.w.e.tomcat.TomcatWebServer - Tomcat started on port 8080 (http) with context path '/'
2024-08-06 10:11:50 INFO  com.practice.project06.Assignment - Started Assignment in 10.141 seconds (process running for 10.631)
2024-08-06 10:12:24 INFO  o.a.c.c.C.[Tomcat].[localhost].[/] - Initializing Spring DispatcherServlet 'dispatcherServlet'
2024-08-06 10:12:24 INFO  o.s.web.servlet.DispatcherServlet - Initializing Servlet 'dispatcherServlet'
2024-08-06 10:12:24 INFO  o.s.web.servlet.DispatcherServlet - Completed initialization in 15 ms
2024-08-06 10:13:58 INFO  o.s.o.j.LocalContainerEntityManagerFactoryBean - Closing JPA EntityManagerFactory for persistence unit 'default'
2024-08-06 10:13:58 INFO  com.zaxxer.hikari.HikariDataSource - HikariPool-1 - Shutdown initiated...
2024-08-06 10:13:58 INFO  com.zaxxer.hikari.HikariDataSource - HikariPool-1 - Shutdown completed.
2024-08-06 10:14:02 INFO  com.practice.project06.Assignment - Starting Assignment using Java 22.0.1 with PID 6532 (C:\Users\ahmad.irtza\Desktop\RedmathTraining\Bank-be-final\target\classes started by ahmad.irtza in C:\Users\ahmad.irtza\Desktop\RedmathTraining\Bank-be-final)
2024-08-06 10:14:02 INFO  com.practice.project06.Assignment - No active profile set, falling back to 1 default profile: "default"
2024-08-06 10:14:04 INFO  o.s.d.r.c.RepositoryConfigurationDelegate - Bootstrapping Spring Data JPA repositories in DEFAULT mode.
2024-08-06 10:14:04 INFO  o.s.d.r.c.RepositoryConfigurationDelegate - Finished Spring Data repository scanning in 55 ms. Found 4 JPA repository interfaces.
2024-08-06 10:14:05 INFO  o.s.b.w.e.tomcat.TomcatWebServer - Tomcat initialized with port 8080 (http)
2024-08-06 10:14:05 INFO  o.a.coyote.http11.Http11NioProtocol - Initializing ProtocolHandler ["http-nio-8080"]
2024-08-06 10:14:05 INFO  o.a.catalina.core.StandardService - Starting service [Tomcat]
2024-08-06 10:14:05 INFO  o.a.catalina.core.StandardEngine - Starting Servlet engine: [Apache Tomcat/10.1.25]
2024-08-06 10:14:05 INFO  o.a.c.c.C.[Tomcat].[localhost].[/] - Initializing Spring embedded WebApplicationContext
2024-08-06 10:14:05 INFO  o.s.b.w.s.c.ServletWebServerApplicationContext - Root WebApplicationContext: initialization completed in 2859 ms
2024-08-06 10:14:05 INFO  com.zaxxer.hikari.HikariDataSource - HikariPool-1 - Starting...
2024-08-06 10:14:06 INFO  com.zaxxer.hikari.pool.HikariPool - HikariPool-1 - Added connection com.mysql.cj.jdbc.ConnectionImpl@51df2a41
2024-08-06 10:14:06 INFO  com.zaxxer.hikari.HikariDataSource - HikariPool-1 - Start completed.
2024-08-06 10:14:06 INFO  o.s.b.a.h.H2ConsoleAutoConfiguration - H2 console available at '/h2-console'. Database available at 'jdbc:mysql://localhost:3306/bank'
2024-08-06 10:14:07 INFO  liquibase.changelog - Reading from bank.databasechangelog
2024-08-06 10:14:07 INFO  liquibase.ui - Database is up to date, no changesets to execute
2024-08-06 10:14:07 INFO  liquibase.changelog - Reading from bank.databasechangelog
2024-08-06 10:14:07 INFO  liquibase.util - UPDATE SUMMARY
2024-08-06 10:14:07 INFO  liquibase.util - Run:                          0
2024-08-06 10:14:07 INFO  liquibase.util - Previously run:              13
2024-08-06 10:14:07 INFO  liquibase.util - Filtered out:                 0
2024-08-06 10:14:07 INFO  liquibase.util - -------------------------------
2024-08-06 10:14:07 INFO  liquibase.util - Total change sets:           13
2024-08-06 10:14:07 INFO  liquibase.util - Update summary generated
2024-08-06 10:14:07 INFO  liquibase.lockservice - Successfully released change log lock
2024-08-06 10:14:07 INFO  liquibase.command - Command execution complete
2024-08-06 10:14:07 INFO  org.hibernate.Version - HHH000412: Hibernate ORM core version 6.5.2.Final
2024-08-06 10:14:07 INFO  o.h.c.i.RegionFactoryInitiator - HHH000026: Second-level cache disabled
2024-08-06 10:14:07 INFO  o.s.o.j.p.SpringPersistenceUnitInfo - No LoadTimeWeaver setup: ignoring JPA class transformer
2024-08-06 10:14:08 INFO  o.h.e.t.j.p.i.JtaPlatformInitiator - HHH000489: No JTA platform available (set 'hibernate.transaction.jta.platform' to enable JTA platform integration)
2024-08-06 10:14:09 INFO  o.s.o.j.LocalContainerEntityManagerFactoryBean - Initialized JPA EntityManagerFactory for persistence unit 'default'
2024-08-06 10:14:09 INFO  o.s.d.j.r.query.QueryEnhancerFactory - Hibernate is in classpath; If applicable, HQL parser will be used.
2024-08-06 10:14:10 INFO  o.s.s.c.a.a.c.InitializeAuthenticationProviderBeanManagerConfigurer$InitializeAuthenticationProviderManagerConfigurer - Global AuthenticationManager configured with AuthenticationProvider bean with name daoAuthenticationProvider
2024-08-06 10:14:10 INFO  o.s.b.a.w.s.WelcomePageHandlerMapping - Adding welcome page: class path resource [static/index.html]
2024-08-06 10:14:11 INFO  o.s.b.a.e.web.EndpointLinksResolver - Exposing 15 endpoints beneath base path '/actuator'
2024-08-06 10:14:11 INFO  o.a.coyote.http11.Http11NioProtocol - Starting ProtocolHandler ["http-nio-8080"]
2024-08-06 10:14:11 INFO  o.s.b.w.e.tomcat.TomcatWebServer - Tomcat started on port 8080 (http) with context path '/'
2024-08-06 10:14:11 INFO  com.practice.project06.Assignment - Started Assignment in 10.113 seconds (process running for 10.567)
2024-08-06 10:16:42 INFO  o.s.o.j.LocalContainerEntityManagerFactoryBean - Closing JPA EntityManagerFactory for persistence unit 'default'
2024-08-06 10:16:42 INFO  com.zaxxer.hikari.HikariDataSource - HikariPool-1 - Shutdown initiated...
2024-08-06 10:16:42 INFO  com.zaxxer.hikari.HikariDataSource - HikariPool-1 - Shutdown completed.
